2024-07-12 11:08:51.604 WARN  [main] com.alibaba.nacos.client.logging.NacosLogging.loadConfiguration:64 : Load Logback Configuration of Nacos fail, message: Could not initialize Logback Nacos logging from null
2024-07-12 11:08:51.989 WARN  [main] com.alibaba.nacos.client.logging.NacosLogging.loadConfiguration:64 : Load Logback Configuration of Nacos fail, message: Could not initialize Logback Nacos logging from null
2024-07-12 11:08:53.770 WARN  [main] com.netflix.config.sources.URLConfigurationSource.<init>:126 : No URLs will be polled as dynamic configuration sources.
2024-07-12 11:08:53.773 WARN  [main] com.netflix.config.sources.URLConfigurationSource.<init>:126 : No URLs will be polled as dynamic configuration sources.
2024-07-12 11:08:54.322 WARN  [main] com.alibaba.nacos.client.logging.NacosLogging.loadConfiguration:64 : Load Logback Configuration of Nacos fail, message: Could not initialize Logback Nacos logging from null
2024-07-12 11:50:39.836 WARN  [Thread-18] com.alibaba.nacos.common.notify.NotifyCenter.shutdown:136 : [NotifyCenter] Start destroying Publisher
2024-07-12 11:50:39.836 WARN  [Thread-21] com.alibaba.nacos.common.http.HttpClientBeanHolder.shutdown:108 : [HttpClientBeanHolder] Start destroying common HttpClient
2024-07-12 11:50:39.836 WARN  [Thread-18] com.alibaba.nacos.common.notify.NotifyCenter.shutdown:153 : [NotifyCenter] Destruction of the end
2024-07-12 11:50:39.836 WARN  [Thread-21] com.alibaba.nacos.common.http.HttpClientBeanHolder.shutdown:114 : [HttpClientBeanHolder] Destruction of the end
2024-07-12 11:50:45.452 WARN  [main] com.alibaba.nacos.client.logging.NacosLogging.loadConfiguration:64 : Load Logback Configuration of Nacos fail, message: Could not initialize Logback Nacos logging from null
2024-07-12 11:50:45.870 WARN  [main] com.alibaba.nacos.client.logging.NacosLogging.loadConfiguration:64 : Load Logback Configuration of Nacos fail, message: Could not initialize Logback Nacos logging from null
2024-07-12 11:50:48.061 WARN  [main] com.netflix.config.sources.URLConfigurationSource.<init>:126 : No URLs will be polled as dynamic configuration sources.
2024-07-12 11:50:48.064 WARN  [main] com.netflix.config.sources.URLConfigurationSource.<init>:126 : No URLs will be polled as dynamic configuration sources.
2024-07-12 11:50:48.350 WARN  [main] com.alibaba.nacos.client.logging.NacosLogging.loadConfiguration:64 : Load Logback Configuration of Nacos fail, message: Could not initialize Logback Nacos logging from null
2024-07-12 12:00:06.868 WARN  [Thread-21] com.alibaba.nacos.common.http.HttpClientBeanHolder.shutdown:108 : [HttpClientBeanHolder] Start destroying common HttpClient
2024-07-12 12:00:06.868 WARN  [Thread-18] com.alibaba.nacos.common.notify.NotifyCenter.shutdown:136 : [NotifyCenter] Start destroying Publisher
2024-07-12 12:00:06.868 WARN  [Thread-18] com.alibaba.nacos.common.notify.NotifyCenter.shutdown:153 : [NotifyCenter] Destruction of the end
2024-07-12 12:00:06.869 WARN  [Thread-21] com.alibaba.nacos.common.http.HttpClientBeanHolder.shutdown:114 : [HttpClientBeanHolder] Destruction of the end
2024-07-12 12:08:41.130 WARN  [main] com.alibaba.nacos.client.logging.NacosLogging.loadConfiguration:64 : Load Logback Configuration of Nacos fail, message: Could not initialize Logback Nacos logging from null
2024-07-12 12:08:41.515 WARN  [main] com.alibaba.nacos.client.logging.NacosLogging.loadConfiguration:64 : Load Logback Configuration of Nacos fail, message: Could not initialize Logback Nacos logging from null
2024-07-12 12:08:43.785 WARN  [main] com.netflix.config.sources.URLConfigurationSource.<init>:126 : No URLs will be polled as dynamic configuration sources.
2024-07-12 12:08:43.788 WARN  [main] com.netflix.config.sources.URLConfigurationSource.<init>:126 : No URLs will be polled as dynamic configuration sources.
2024-07-12 12:08:44.031 WARN  [main] com.alibaba.nacos.client.logging.NacosLogging.loadConfiguration:64 : Load Logback Configuration of Nacos fail, message: Could not initialize Logback Nacos logging from null
2024-07-12 12:15:44.051 WARN  [Thread-21] com.alibaba.nacos.common.http.HttpClientBeanHolder.shutdown:108 : [HttpClientBeanHolder] Start destroying common HttpClient
2024-07-12 12:15:44.052 WARN  [Thread-18] com.alibaba.nacos.common.notify.NotifyCenter.shutdown:136 : [NotifyCenter] Start destroying Publisher
2024-07-12 12:15:44.052 WARN  [Thread-18] com.alibaba.nacos.common.notify.NotifyCenter.shutdown:153 : [NotifyCenter] Destruction of the end
2024-07-12 12:15:44.053 WARN  [Thread-21] com.alibaba.nacos.common.http.HttpClientBeanHolder.shutdown:114 : [HttpClientBeanHolder] Destruction of the end
2024-07-12 12:15:49.873 WARN  [main] com.alibaba.nacos.client.logging.NacosLogging.loadConfiguration:64 : Load Logback Configuration of Nacos fail, message: Could not initialize Logback Nacos logging from null
2024-07-12 12:15:50.257 WARN  [main] com.alibaba.nacos.client.logging.NacosLogging.loadConfiguration:64 : Load Logback Configuration of Nacos fail, message: Could not initialize Logback Nacos logging from null
2024-07-12 12:15:52.594 WARN  [main] com.netflix.config.sources.URLConfigurationSource.<init>:126 : No URLs will be polled as dynamic configuration sources.
2024-07-12 12:15:52.596 WARN  [main] com.netflix.config.sources.URLConfigurationSource.<init>:126 : No URLs will be polled as dynamic configuration sources.
2024-07-12 12:15:52.837 WARN  [main] com.alibaba.nacos.client.logging.NacosLogging.loadConfiguration:64 : Load Logback Configuration of Nacos fail, message: Could not initialize Logback Nacos logging from null
2024-07-12 13:36:27.057 WARN  [Thread-21] com.alibaba.nacos.common.http.HttpClientBeanHolder.shutdown:108 : [HttpClientBeanHolder] Start destroying common HttpClient
2024-07-12 13:36:27.057 WARN  [Thread-18] com.alibaba.nacos.common.notify.NotifyCenter.shutdown:136 : [NotifyCenter] Start destroying Publisher
2024-07-12 13:36:27.058 WARN  [Thread-18] com.alibaba.nacos.common.notify.NotifyCenter.shutdown:153 : [NotifyCenter] Destruction of the end
2024-07-12 13:36:27.058 WARN  [Thread-21] com.alibaba.nacos.common.http.HttpClientBeanHolder.shutdown:114 : [HttpClientBeanHolder] Destruction of the end
2024-07-12 13:36:31.968 WARN  [main] com.alibaba.nacos.client.logging.NacosLogging.loadConfiguration:64 : Load Logback Configuration of Nacos fail, message: Could not initialize Logback Nacos logging from null
2024-07-12 13:36:32.352 WARN  [main] com.alibaba.nacos.client.logging.NacosLogging.loadConfiguration:64 : Load Logback Configuration of Nacos fail, message: Could not initialize Logback Nacos logging from null
2024-07-12 13:36:34.471 WARN  [main] com.netflix.config.sources.URLConfigurationSource.<init>:126 : No URLs will be polled as dynamic configuration sources.
2024-07-12 13:36:34.474 WARN  [main] com.netflix.config.sources.URLConfigurationSource.<init>:126 : No URLs will be polled as dynamic configuration sources.
2024-07-12 13:36:34.705 WARN  [main] com.alibaba.nacos.client.logging.NacosLogging.loadConfiguration:64 : Load Logback Configuration of Nacos fail, message: Could not initialize Logback Nacos logging from null
2024-07-12 14:13:42.032 WARN  [main] com.alibaba.nacos.client.logging.NacosLogging.loadConfiguration:64 : Load Logback Configuration of Nacos fail, message: Could not initialize Logback Nacos logging from null
2024-07-12 14:13:42.409 WARN  [main] com.alibaba.nacos.client.logging.NacosLogging.loadConfiguration:64 : Load Logback Configuration of Nacos fail, message: Could not initialize Logback Nacos logging from null
2024-07-12 14:13:44.538 WARN  [main] com.netflix.config.sources.URLConfigurationSource.<init>:126 : No URLs will be polled as dynamic configuration sources.
2024-07-12 14:13:44.541 WARN  [main] com.netflix.config.sources.URLConfigurationSource.<init>:126 : No URLs will be polled as dynamic configuration sources.
2024-07-12 14:13:44.779 WARN  [main] com.alibaba.nacos.client.logging.NacosLogging.loadConfiguration:64 : Load Logback Configuration of Nacos fail, message: Could not initialize Logback Nacos logging from null
