2024-07-12 11:03:32.883 INFO  [main] org.example.NacosTestApplication.logStartupProfileInfo:648 : No active profile set, falling back to default profiles: default
2024-07-12 11:03:33.522 INFO  [main] org.springframework.cloud.context.scope.GenericScope.setSerializationId:295 : BeanFactory id=f8b3cc45-a536-364a-bf78-1eb6f3db2aa5
2024-07-12 11:03:33.595 INFO  [main] o.s.c.s.PostProcessorRegistrationDelegate$BeanPostProcessorChecker.postProcessAfterInitialization:335 : Bean 'spring.datasource.dynamic-com.baomidou.dynamic.datasource.spring.boot.autoconfigure.DynamicDataSourceProperties' of type [com.baomidou.dynamic.datasource.spring.boot.autoconfigure.DynamicDataSourceProperties] is not eligible for getting processed by all BeanPostProcessors (for example: not eligible for auto-proxying)
2024-07-12 11:03:33.598 INFO  [main] o.s.c.s.PostProcessorRegistrationDelegate$BeanPostProcessorChecker.postProcessAfterInitialization:335 : Bean 'com.baomidou.dynamic.datasource.spring.boot.autoconfigure.DynamicDataSourceAutoConfiguration' of type [com.baomidou.dynamic.datasource.spring.boot.autoconfigure.DynamicDataSourceAutoConfiguration$$EnhancerBySpringCGLIB$$39c0b523] is not eligible for getting processed by all BeanPostProcessors (for example: not eligible for auto-proxying)
2024-07-12 11:03:33.609 INFO  [main] o.s.c.s.PostProcessorRegistrationDelegate$BeanPostProcessorChecker.postProcessAfterInitialization:335 : Bean 'dsProcessor' of type [com.baomidou.dynamic.datasource.processor.DsHeaderProcessor] is not eligible for getting processed by all BeanPostProcessors (for example: not eligible for auto-proxying)
2024-07-12 11:03:33.772 INFO  [main] org.springframework.boot.web.embedded.tomcat.TomcatWebServer.initialize:108 : Tomcat initialized with port(s): 18080 (http)
2024-07-12 11:03:33.778 INFO  [main] org.apache.coyote.http11.Http11NioProtocol.log:173 : Initializing ProtocolHandler ["http-nio-18080"]
2024-07-12 11:03:33.778 INFO  [main] org.apache.catalina.core.StandardService.log:173 : Starting service [Tomcat]
2024-07-12 11:03:33.779 INFO  [main] org.apache.catalina.core.StandardEngine.log:173 : Starting Servlet engine: [Apache Tomcat/9.0.46]
2024-07-12 11:03:33.859 INFO  [main] o.a.catalina.core.ContainerBase.[Tomcat].[localhost].[/].log:173 : Initializing Spring embedded WebApplicationContext
2024-07-12 11:03:33.859 INFO  [main] o.s.b.web.servlet.context.ServletWebServerApplicationContext.prepareWebApplicationContext:285 : Root WebApplicationContext: initialization completed in 961 ms
2024-07-12 11:03:33.985 INFO  [main] com.alibaba.druid.pool.DruidDataSource.init:1002 : {dataSource-1,master} inited
2024-07-12 11:03:33.987 INFO  [main] com.alibaba.druid.pool.DruidDataSource.init:1002 : {dataSource-2,powerjob} inited
2024-07-12 11:03:33.987 INFO  [main] com.baomidou.dynamic.datasource.DynamicRoutingDataSource.addDataSource:154 : dynamic-datasource - add a datasource named [powerjob] success
2024-07-12 11:03:33.987 INFO  [main] com.baomidou.dynamic.datasource.DynamicRoutingDataSource.addDataSource:154 : dynamic-datasource - add a datasource named [master] success
2024-07-12 11:03:33.987 INFO  [main] com.baomidou.dynamic.datasource.DynamicRoutingDataSource.afterPropertiesSet:234 : dynamic-datasource initial loaded [2] datasource,primary datasource named [master]
2024-07-12 11:03:34.727 INFO  [main] com.netflix.config.sources.URLConfigurationSource.<init>:127 : To enable URLs as dynamic configuration sources, define System property archaius.configurationSource.additionalUrls or make config.properties available on classpath.
2024-07-12 11:03:34.730 INFO  [main] com.netflix.config.sources.URLConfigurationSource.<init>:127 : To enable URLs as dynamic configuration sources, define System property archaius.configurationSource.additionalUrls or make config.properties available on classpath.
2024-07-12 11:03:34.796 INFO  [main] o.s.scheduling.concurrent.ThreadPoolTaskExecutor.initialize:181 : Initializing ExecutorService 'applicationTaskExecutor'
2024-07-12 11:03:35.014 INFO  [main] o.s.scheduling.concurrent.ThreadPoolTaskScheduler.initialize:181 : Initializing ExecutorService 'Nacos-Watch-Task-Scheduler'
2024-07-12 11:03:35.284 INFO  [main] com.alibaba.nacos.client.naming.initNamespaceForNaming:62 : initializer namespace from System Property : null
2024-07-12 11:03:35.284 INFO  [main] com.alibaba.nacos.client.naming.lambda$initNamespaceForNaming$0:66 : initializer namespace from System Environment :null
2024-07-12 11:03:35.285 INFO  [main] com.alibaba.nacos.client.naming.lambda$initNamespaceForNaming$1:73 : initializer namespace from System Property :null
2024-07-12 11:03:35.307 INFO  [main] com.alibaba.nacos.client.utils.ParamUtil.<clinit>:87 : [settings] [req-serv] nacos-server port:8848
2024-07-12 11:03:35.307 INFO  [main] com.alibaba.nacos.client.utils.ParamUtil.<clinit>:98 : [settings] [http-client] connect timeout:1000
2024-07-12 11:03:35.308 INFO  [main] com.alibaba.nacos.client.utils.ParamUtil.<clinit>:105 : PER_TASK_CONFIG_SIZE: 3000.0
2024-07-12 11:03:35.310 INFO  [main] c.a.nacos.plugin.auth.spi.client.ClientAuthPluginManager.init:56 : [ClientAuthPluginManager] Load ClientAuthService com.alibaba.nacos.client.auth.impl.NacosClientAuthServiceImpl success.
2024-07-12 11:03:35.310 INFO  [main] c.a.nacos.plugin.auth.spi.client.ClientAuthPluginManager.init:56 : [ClientAuthPluginManager] Load ClientAuthService com.alibaba.nacos.client.auth.ram.RamClientAuthServiceImpl success.
2024-07-12 11:03:35.312 INFO  [main] com.alibaba.nacos.client.auth.ram.identify.CredentialWatcher.loadCredential:164 : null No credential found
2024-07-12 11:03:37.422 INFO  [main] com.alibaba.nacos.common.remote.client.lambda$createClient$0:95 : [RpcClientFactory] create a new rpc client of fb58934b-13be-499d-9e8c-64c80ab644ed
2024-07-12 11:03:37.490 INFO  [main] com.alibaba.nacos.common.remote.client.printIfInfoEnabled:60 : [fb58934b-13be-499d-9e8c-64c80ab644ed] RpcClient init label, labels = {module=naming, source=sdk}
2024-07-12 11:03:37.492 INFO  [main] com.alibaba.nacos.common.remote.client.printIfInfoEnabled:60 : [fb58934b-13be-499d-9e8c-64c80ab644ed] RpcClient init, ServerListFactory = com.alibaba.nacos.client.naming.core.ServerListManager
2024-07-12 11:03:37.492 INFO  [main] com.alibaba.nacos.common.remote.client.printIfInfoEnabled:60 : [fb58934b-13be-499d-9e8c-64c80ab644ed] Registry connection listener to current client:com.alibaba.nacos.client.naming.remote.gprc.redo.NamingGrpcRedoService
2024-07-12 11:03:37.492 INFO  [main] com.alibaba.nacos.common.remote.client.printIfInfoEnabled:60 : [fb58934b-13be-499d-9e8c-64c80ab644ed] Register server push request handler:com.alibaba.nacos.client.naming.remote.gprc.NamingPushRequestHandler
2024-07-12 11:03:37.493 INFO  [main] com.alibaba.nacos.common.remote.client.printIfInfoEnabled:60 : [fb58934b-13be-499d-9e8c-64c80ab644ed] Try to connect to server on start up, server: {serverIp = '127.0.0.1', server main port = 8848}
2024-07-12 11:03:38.240 INFO  [main] com.alibaba.nacos.common.remote.client.printIfInfoEnabled:60 : [fb58934b-13be-499d-9e8c-64c80ab644ed] Try to connect to server on start up, server: {serverIp = '127.0.0.1', server main port = 8848}
2024-07-12 11:03:38.249 INFO  [main] com.alibaba.nacos.common.remote.client.printIfInfoEnabled:60 : [fb58934b-13be-499d-9e8c-64c80ab644ed] Try to connect to server on start up, server: {serverIp = '127.0.0.1', server main port = 8848}
2024-07-12 11:03:38.257 INFO  [com.alibaba.nacos.client.remote.worker] com.alibaba.nacos.common.remote.client.printIfInfoEnabled:60 : [fb58934b-13be-499d-9e8c-64c80ab644ed] Try to reconnect to a new server, server is  not appointed, will choose a random server.
2024-07-12 11:03:38.257 INFO  [main] com.alibaba.nacos.common.remote.client.printIfInfoEnabled:60 : [fb58934b-13be-499d-9e8c-64c80ab644ed] Register server push request handler:com.alibaba.nacos.common.remote.client.RpcClient$ConnectResetRequestHandler
2024-07-12 11:03:38.258 INFO  [main] com.alibaba.nacos.common.remote.client.printIfInfoEnabled:60 : [fb58934b-13be-499d-9e8c-64c80ab644ed] Register server push request handler:com.alibaba.nacos.common.remote.client.RpcClient$$Lambda$647/1924203096
2024-07-12 11:03:38.259 INFO  [main] com.alibaba.nacos.client.naming.subscribe:141 : [SUBSCRIBE-SERVICE] service:provider-demo, group:DEFAULT_GROUP, clusters:DEFAULT 
2024-07-12 11:03:38.396 INFO  [com.alibaba.nacos.client.remote.worker] com.alibaba.nacos.common.remote.client.printIfInfoEnabled:60 : [fb58934b-13be-499d-9e8c-64c80ab644ed] Fail to connect server, after trying 1 times, last try server is {serverIp = '127.0.0.1', server main port = 8848}, error = unknown
2024-07-12 11:03:38.592 INFO  [main] org.apache.coyote.http11.Http11NioProtocol.log:173 : Starting ProtocolHandler ["http-nio-18080"]
2024-07-12 11:03:38.604 INFO  [main] org.springframework.boot.web.embedded.tomcat.TomcatWebServer.start:220 : Tomcat started on port(s): 18080 (http) with context path ''
2024-07-12 11:03:38.609 INFO  [main] com.alibaba.nacos.client.naming.registerService:111 : [REGISTER-SERVICE] public registering service provider-demo with instance Instance{instanceId='null', ip='10.35.2.175', port=18080, weight=1.0, healthy=true, enabled=true, ephemeral=true, clusterName='DEFAULT', serviceName='null', metadata={preserved.register.source=SPRING_CLOUD}}
2024-07-12 11:03:38.609 INFO  [com.alibaba.nacos.client.remote.worker] com.alibaba.nacos.common.remote.client.printIfInfoEnabled:60 : [fb58934b-13be-499d-9e8c-64c80ab644ed] Fail to connect server, after trying 2 times, last try server is {serverIp = '127.0.0.1', server main port = 8848}, error = unknown
2024-07-12 11:03:38.930 INFO  [com.alibaba.nacos.client.remote.worker] com.alibaba.nacos.common.remote.client.printIfInfoEnabled:60 : [fb58934b-13be-499d-9e8c-64c80ab644ed] Fail to connect server, after trying 3 times, last try server is {serverIp = '127.0.0.1', server main port = 8848}, error = unknown
2024-07-12 11:03:38.932 INFO  [main] com.alibaba.nacos.client.naming.shutdown:255 : com.alibaba.nacos.client.naming.cache.ServiceInfoHolder do shutdown begin
2024-07-12 11:03:38.933 INFO  [main] com.alibaba.nacos.client.naming.shutdown:140 : com.alibaba.nacos.client.naming.backups.FailoverReactor do shutdown begin
2024-07-12 11:03:39.261 INFO  [main] com.alibaba.nacos.client.naming.shutdown:142 : com.alibaba.nacos.client.naming.backups.FailoverReactor do shutdown stop
2024-07-12 11:03:39.261 INFO  [main] com.alibaba.nacos.client.naming.shutdown:257 : com.alibaba.nacos.client.naming.cache.ServiceInfoHolder do shutdown stop
2024-07-12 11:03:39.261 INFO  [main] com.alibaba.nacos.client.naming.shutdown:182 : com.alibaba.nacos.client.naming.remote.NamingClientProxyDelegate do shutdown begin
2024-07-12 11:03:39.261 INFO  [main] com.alibaba.nacos.client.naming.shutdown:130 : com.alibaba.nacos.client.naming.core.ServiceInfoUpdateService do shutdown begin
2024-07-12 11:03:39.347 INFO  [com.alibaba.nacos.client.remote.worker] com.alibaba.nacos.common.remote.client.printIfInfoEnabled:60 : [fb58934b-13be-499d-9e8c-64c80ab644ed] Fail to connect server, after trying 4 times, last try server is {serverIp = '127.0.0.1', server main port = 8848}, error = unknown
2024-07-12 11:03:39.591 INFO  [main] com.alibaba.nacos.client.naming.shutdown:132 : com.alibaba.nacos.client.naming.core.ServiceInfoUpdateService do shutdown stop
2024-07-12 11:03:39.591 INFO  [main] com.alibaba.nacos.client.naming.shutdown:192 : com.alibaba.nacos.client.naming.core.ServerListManager do shutdown begin
2024-07-12 11:03:39.591 INFO  [main] com.alibaba.nacos.client.naming.shutdown:197 : com.alibaba.nacos.client.naming.core.ServerListManager do shutdown stop
2024-07-12 11:03:39.591 INFO  [main] com.alibaba.nacos.client.naming.shutdown:527 : com.alibaba.nacos.client.naming.remote.http.NamingHttpClientProxy do shutdown begin
2024-07-12 11:03:39.592 INFO  [main] com.alibaba.nacos.client.naming.shutdown:162 : com.alibaba.nacos.client.naming.beat.BeatReactor do shutdown begin
2024-07-12 11:03:39.592 INFO  [main] com.alibaba.nacos.client.naming.shutdown:164 : com.alibaba.nacos.client.naming.beat.BeatReactor do shutdown stop
2024-07-12 11:03:39.593 INFO  [main] com.alibaba.nacos.client.naming.shutdown:530 : com.alibaba.nacos.client.naming.remote.http.NamingHttpClientProxy do shutdown stop
2024-07-12 11:03:39.593 INFO  [main] com.alibaba.nacos.common.remote.client.shutdown:453 : Shutdown rpc client, set status to shutdown
2024-07-12 11:03:39.593 INFO  [main] com.alibaba.nacos.common.remote.client.shutdown:455 : Shutdown client event executor java.util.concurrent.ScheduledThreadPoolExecutor@3164d5aa[Running, pool size = 2, active threads = 2, queued tasks = 0, completed tasks = 0]
2024-07-12 11:03:39.593 INFO  [main] com.alibaba.nacos.common.remote.client.grpc.GrpcClient.shutdown:129 : Shutdown grpc executor java.util.concurrent.ThreadPoolExecutor@4e3ffd0[Running, pool size = 23, active threads = 0, queued tasks = 0, completed tasks = 23]
2024-07-12 11:03:39.594 INFO  [com.alibaba.nacos.client.remote.worker] com.alibaba.nacos.common.remote.client.printIfInfoEnabled:60 : [fb58934b-13be-499d-9e8c-64c80ab644ed] Client is shutdown, stop reconnect to server
2024-07-12 11:03:39.594 INFO  [main] com.alibaba.nacos.client.naming.shutdown:267 : Shutdown grpc redo service executor java.util.concurrent.ScheduledThreadPoolExecutor@5ca86715[Running, pool size = 1, active threads = 0, queued tasks = 1, completed tasks = 0]
2024-07-12 11:03:39.596 INFO  [main] com.alibaba.nacos.client.auth.ram.identify.CredentialWatcher.stop:105 : [null] CredentialWatcher is stopped
2024-07-12 11:03:39.596 INFO  [main] com.alibaba.nacos.client.auth.ram.identify.CredentialService.free:99 : [null] CredentialService is freed
2024-07-12 11:03:39.597 INFO  [main] com.alibaba.nacos.client.naming.shutdown:189 : com.alibaba.nacos.client.naming.remote.NamingClientProxyDelegate do shutdown stop
2024-07-12 11:03:39.597 INFO  [main] o.s.scheduling.concurrent.ThreadPoolTaskScheduler.shutdown:218 : Shutting down ExecutorService 'Nacos-Watch-Task-Scheduler'
2024-07-12 11:03:39.597 INFO  [main] com.alibaba.nacos.client.naming.initNamespaceForNaming:62 : initializer namespace from System Property : null
2024-07-12 11:03:39.597 INFO  [main] com.alibaba.nacos.client.naming.lambda$initNamespaceForNaming$0:66 : initializer namespace from System Environment :null
2024-07-12 11:03:39.597 INFO  [main] com.alibaba.nacos.client.naming.lambda$initNamespaceForNaming$1:73 : initializer namespace from System Property :null
2024-07-12 11:03:39.597 INFO  [main] c.a.nacos.plugin.auth.spi.client.ClientAuthPluginManager.init:56 : [ClientAuthPluginManager] Load ClientAuthService com.alibaba.nacos.client.auth.impl.NacosClientAuthServiceImpl success.
2024-07-12 11:03:39.597 INFO  [main] c.a.nacos.plugin.auth.spi.client.ClientAuthPluginManager.init:56 : [ClientAuthPluginManager] Load ClientAuthService com.alibaba.nacos.client.auth.ram.RamClientAuthServiceImpl success.
2024-07-12 11:03:39.598 INFO  [main] com.alibaba.nacos.client.auth.ram.identify.CredentialWatcher.loadCredential:164 : null No credential found
2024-07-12 11:03:41.638 INFO  [main] com.alibaba.nacos.common.remote.client.lambda$createClient$0:95 : [RpcClientFactory] create a new rpc client of 69106553-575c-4bc5-83e1-196357b90ab2
2024-07-12 11:03:41.639 INFO  [main] com.alibaba.nacos.common.remote.client.printIfInfoEnabled:60 : [69106553-575c-4bc5-83e1-196357b90ab2] RpcClient init label, labels = {module=naming, source=sdk}
2024-07-12 11:03:41.639 INFO  [main] com.alibaba.nacos.common.remote.client.printIfInfoEnabled:60 : [69106553-575c-4bc5-83e1-196357b90ab2] RpcClient init, ServerListFactory = com.alibaba.nacos.client.naming.core.ServerListManager
2024-07-12 11:03:41.639 INFO  [main] com.alibaba.nacos.common.remote.client.printIfInfoEnabled:60 : [69106553-575c-4bc5-83e1-196357b90ab2] Registry connection listener to current client:com.alibaba.nacos.client.naming.remote.gprc.redo.NamingGrpcRedoService
2024-07-12 11:03:41.639 INFO  [main] com.alibaba.nacos.common.remote.client.printIfInfoEnabled:60 : [69106553-575c-4bc5-83e1-196357b90ab2] Register server push request handler:com.alibaba.nacos.client.naming.remote.gprc.NamingPushRequestHandler
2024-07-12 11:03:41.639 INFO  [main] com.alibaba.nacos.common.remote.client.printIfInfoEnabled:60 : [69106553-575c-4bc5-83e1-196357b90ab2] Try to connect to server on start up, server: {serverIp = '127.0.0.1', server main port = 8848}
2024-07-12 11:03:41.659 INFO  [main] com.alibaba.nacos.common.remote.client.printIfInfoEnabled:60 : [69106553-575c-4bc5-83e1-196357b90ab2] Try to connect to server on start up, server: {serverIp = '127.0.0.1', server main port = 8848}
2024-07-12 11:03:41.665 INFO  [main] com.alibaba.nacos.common.remote.client.printIfInfoEnabled:60 : [69106553-575c-4bc5-83e1-196357b90ab2] Try to connect to server on start up, server: {serverIp = '127.0.0.1', server main port = 8848}
2024-07-12 11:03:41.671 INFO  [com.alibaba.nacos.client.remote.worker] com.alibaba.nacos.common.remote.client.printIfInfoEnabled:60 : [69106553-575c-4bc5-83e1-196357b90ab2] Try to reconnect to a new server, server is  not appointed, will choose a random server.
2024-07-12 11:03:41.671 INFO  [main] com.alibaba.nacos.common.remote.client.printIfInfoEnabled:60 : [69106553-575c-4bc5-83e1-196357b90ab2] Register server push request handler:com.alibaba.nacos.common.remote.client.RpcClient$ConnectResetRequestHandler
2024-07-12 11:03:41.671 INFO  [main] com.alibaba.nacos.common.remote.client.printIfInfoEnabled:60 : [69106553-575c-4bc5-83e1-196357b90ab2] Register server push request handler:com.alibaba.nacos.common.remote.client.RpcClient$$Lambda$647/1924203096
2024-07-12 11:03:41.787 INFO  [com.alibaba.nacos.client.remote.worker] com.alibaba.nacos.common.remote.client.printIfInfoEnabled:60 : [69106553-575c-4bc5-83e1-196357b90ab2] Fail to connect server, after trying 1 times, last try server is {serverIp = '127.0.0.1', server main port = 8848}, error = unknown
2024-07-12 11:03:41.998 INFO  [main] o.s.scheduling.concurrent.ThreadPoolTaskExecutor.shutdown:218 : Shutting down ExecutorService 'applicationTaskExecutor'
2024-07-12 11:03:42.003 INFO  [main] com.baomidou.dynamic.datasource.DynamicRoutingDataSource.destroy:211 : dynamic-datasource start closing ....
2024-07-12 11:03:42.005 INFO  [com.alibaba.nacos.client.remote.worker] com.alibaba.nacos.common.remote.client.printIfInfoEnabled:60 : [69106553-575c-4bc5-83e1-196357b90ab2] Fail to connect server, after trying 2 times, last try server is {serverIp = '127.0.0.1', server main port = 8848}, error = unknown
2024-07-12 11:03:42.007 INFO  [main] com.alibaba.druid.pool.DruidDataSource.close:2204 : {dataSource-2} closing ...
2024-07-12 11:03:42.008 INFO  [main] com.alibaba.druid.pool.DruidDataSource.close:2277 : {dataSource-2} closed
2024-07-12 11:03:42.008 INFO  [main] com.alibaba.druid.pool.DruidDataSource.close:2204 : {dataSource-1} closing ...
2024-07-12 11:03:42.008 INFO  [main] com.alibaba.druid.pool.DruidDataSource.close:2277 : {dataSource-1} closed
2024-07-12 11:03:42.008 INFO  [main] com.baomidou.dynamic.datasource.DynamicRoutingDataSource.destroy:215 : dynamic-datasource all closed success,bye
2024-07-12 11:03:42.122 INFO  [main] org.apache.coyote.http11.Http11NioProtocol.log:173 : Pausing ProtocolHandler ["http-nio-18080"]
2024-07-12 11:03:42.122 INFO  [main] org.apache.catalina.core.StandardService.log:173 : Stopping service [Tomcat]
2024-07-12 11:03:42.124 INFO  [main] org.apache.coyote.http11.Http11NioProtocol.log:173 : Stopping ProtocolHandler ["http-nio-18080"]
2024-07-12 11:03:42.127 INFO  [main] org.apache.coyote.http11.Http11NioProtocol.log:173 : Destroying ProtocolHandler ["http-nio-18080"]
2024-07-12 11:03:42.133 INFO  [main] o.s.b.a.logging.ConditionEvaluationReportLoggingListener.logMessage:136 : 

Error starting ApplicationContext. To display the conditions report re-run your application with 'debug' enabled.
2024-07-12 11:08:08.102 INFO  [main] org.example.NacosTestApplication.logStartupProfileInfo:648 : No active profile set, falling back to default profiles: default
2024-07-12 11:08:08.709 INFO  [main] org.springframework.cloud.context.scope.GenericScope.setSerializationId:295 : BeanFactory id=f8b3cc45-a536-364a-bf78-1eb6f3db2aa5
2024-07-12 11:08:08.778 INFO  [main] o.s.c.s.PostProcessorRegistrationDelegate$BeanPostProcessorChecker.postProcessAfterInitialization:335 : Bean 'spring.datasource.dynamic-com.baomidou.dynamic.datasource.spring.boot.autoconfigure.DynamicDataSourceProperties' of type [com.baomidou.dynamic.datasource.spring.boot.autoconfigure.DynamicDataSourceProperties] is not eligible for getting processed by all BeanPostProcessors (for example: not eligible for auto-proxying)
2024-07-12 11:08:08.780 INFO  [main] o.s.c.s.PostProcessorRegistrationDelegate$BeanPostProcessorChecker.postProcessAfterInitialization:335 : Bean 'com.baomidou.dynamic.datasource.spring.boot.autoconfigure.DynamicDataSourceAutoConfiguration' of type [com.baomidou.dynamic.datasource.spring.boot.autoconfigure.DynamicDataSourceAutoConfiguration$$EnhancerBySpringCGLIB$$4cc6ea92] is not eligible for getting processed by all BeanPostProcessors (for example: not eligible for auto-proxying)
2024-07-12 11:08:08.790 INFO  [main] o.s.c.s.PostProcessorRegistrationDelegate$BeanPostProcessorChecker.postProcessAfterInitialization:335 : Bean 'dsProcessor' of type [com.baomidou.dynamic.datasource.processor.DsHeaderProcessor] is not eligible for getting processed by all BeanPostProcessors (for example: not eligible for auto-proxying)
2024-07-12 11:08:08.933 INFO  [main] org.springframework.boot.web.embedded.tomcat.TomcatWebServer.initialize:108 : Tomcat initialized with port(s): 18080 (http)
2024-07-12 11:08:08.941 INFO  [main] org.apache.coyote.http11.Http11NioProtocol.log:173 : Initializing ProtocolHandler ["http-nio-18080"]
2024-07-12 11:08:08.941 INFO  [main] org.apache.catalina.core.StandardService.log:173 : Starting service [Tomcat]
2024-07-12 11:08:08.941 INFO  [main] org.apache.catalina.core.StandardEngine.log:173 : Starting Servlet engine: [Apache Tomcat/9.0.46]
2024-07-12 11:08:09.024 INFO  [main] o.a.catalina.core.ContainerBase.[Tomcat].[localhost].[/].log:173 : Initializing Spring embedded WebApplicationContext
2024-07-12 11:08:09.024 INFO  [main] o.s.b.web.servlet.context.ServletWebServerApplicationContext.prepareWebApplicationContext:285 : Root WebApplicationContext: initialization completed in 909 ms
2024-07-12 11:08:09.137 INFO  [main] com.alibaba.druid.pool.DruidDataSource.init:1002 : {dataSource-1,master} inited
2024-07-12 11:08:09.139 INFO  [main] com.alibaba.druid.pool.DruidDataSource.init:1002 : {dataSource-2,powerjob} inited
2024-07-12 11:08:09.139 INFO  [main] com.baomidou.dynamic.datasource.DynamicRoutingDataSource.addDataSource:154 : dynamic-datasource - add a datasource named [powerjob] success
2024-07-12 11:08:09.139 INFO  [main] com.baomidou.dynamic.datasource.DynamicRoutingDataSource.addDataSource:154 : dynamic-datasource - add a datasource named [master] success
2024-07-12 11:08:09.139 INFO  [main] com.baomidou.dynamic.datasource.DynamicRoutingDataSource.afterPropertiesSet:234 : dynamic-datasource initial loaded [2] datasource,primary datasource named [master]
2024-07-12 11:08:09.850 INFO  [main] com.netflix.config.sources.URLConfigurationSource.<init>:127 : To enable URLs as dynamic configuration sources, define System property archaius.configurationSource.additionalUrls or make config.properties available on classpath.
2024-07-12 11:08:09.852 INFO  [main] com.netflix.config.sources.URLConfigurationSource.<init>:127 : To enable URLs as dynamic configuration sources, define System property archaius.configurationSource.additionalUrls or make config.properties available on classpath.
2024-07-12 11:08:09.914 INFO  [main] o.s.scheduling.concurrent.ThreadPoolTaskExecutor.initialize:181 : Initializing ExecutorService 'applicationTaskExecutor'
2024-07-12 11:08:10.126 INFO  [main] o.s.scheduling.concurrent.ThreadPoolTaskScheduler.initialize:181 : Initializing ExecutorService 'Nacos-Watch-Task-Scheduler'
2024-07-12 11:08:10.393 INFO  [main] com.alibaba.nacos.client.naming.initNamespaceForNaming:62 : initializer namespace from System Property : null
2024-07-12 11:08:10.393 INFO  [main] com.alibaba.nacos.client.naming.lambda$initNamespaceForNaming$0:66 : initializer namespace from System Environment :null
2024-07-12 11:08:10.393 INFO  [main] com.alibaba.nacos.client.naming.lambda$initNamespaceForNaming$1:73 : initializer namespace from System Property :null
2024-07-12 11:08:10.409 INFO  [main] com.alibaba.nacos.client.utils.ParamUtil.<clinit>:87 : [settings] [req-serv] nacos-server port:8848
2024-07-12 11:08:10.410 INFO  [main] com.alibaba.nacos.client.utils.ParamUtil.<clinit>:98 : [settings] [http-client] connect timeout:1000
2024-07-12 11:08:10.410 INFO  [main] com.alibaba.nacos.client.utils.ParamUtil.<clinit>:105 : PER_TASK_CONFIG_SIZE: 3000.0
2024-07-12 11:08:10.413 INFO  [main] c.a.nacos.plugin.auth.spi.client.ClientAuthPluginManager.init:56 : [ClientAuthPluginManager] Load ClientAuthService com.alibaba.nacos.client.auth.impl.NacosClientAuthServiceImpl success.
2024-07-12 11:08:10.413 INFO  [main] c.a.nacos.plugin.auth.spi.client.ClientAuthPluginManager.init:56 : [ClientAuthPluginManager] Load ClientAuthService com.alibaba.nacos.client.auth.ram.RamClientAuthServiceImpl success.
2024-07-12 11:08:10.415 INFO  [main] com.alibaba.nacos.client.auth.ram.identify.CredentialWatcher.loadCredential:164 : null No credential found
2024-07-12 11:08:10.519 INFO  [main] com.alibaba.nacos.common.remote.client.lambda$createClient$0:95 : [RpcClientFactory] create a new rpc client of d3f5d401-b904-4723-bc0b-b17754a99495
2024-07-12 11:08:10.581 INFO  [main] com.alibaba.nacos.common.remote.client.printIfInfoEnabled:60 : [d3f5d401-b904-4723-bc0b-b17754a99495] RpcClient init label, labels = {module=naming, source=sdk}
2024-07-12 11:08:10.582 INFO  [main] com.alibaba.nacos.common.remote.client.printIfInfoEnabled:60 : [d3f5d401-b904-4723-bc0b-b17754a99495] RpcClient init, ServerListFactory = com.alibaba.nacos.client.naming.core.ServerListManager
2024-07-12 11:08:10.582 INFO  [main] com.alibaba.nacos.common.remote.client.printIfInfoEnabled:60 : [d3f5d401-b904-4723-bc0b-b17754a99495] Registry connection listener to current client:com.alibaba.nacos.client.naming.remote.gprc.redo.NamingGrpcRedoService
2024-07-12 11:08:10.583 INFO  [main] com.alibaba.nacos.common.remote.client.printIfInfoEnabled:60 : [d3f5d401-b904-4723-bc0b-b17754a99495] Register server push request handler:com.alibaba.nacos.client.naming.remote.gprc.NamingPushRequestHandler
2024-07-12 11:08:10.585 INFO  [main] com.alibaba.nacos.common.remote.client.printIfInfoEnabled:60 : [d3f5d401-b904-4723-bc0b-b17754a99495] Try to connect to server on start up, server: {serverIp = '127.0.0.1', server main port = 8848}
2024-07-12 11:08:11.385 INFO  [main] com.alibaba.nacos.common.remote.client.printIfInfoEnabled:60 : [d3f5d401-b904-4723-bc0b-b17754a99495] Success to connect to server [127.0.0.1:8848] on start up, connectionId = 1720753691211_127.0.0.1_56780
2024-07-12 11:08:11.386 INFO  [com.alibaba.nacos.client.remote.worker] com.alibaba.nacos.common.remote.client.printIfInfoEnabled:60 : [d3f5d401-b904-4723-bc0b-b17754a99495] Notify connected event to listeners.
2024-07-12 11:08:11.386 INFO  [com.alibaba.nacos.client.remote.worker] com.alibaba.nacos.client.naming.onConnected:76 : Grpc connection connect
2024-07-12 11:08:11.386 INFO  [main] com.alibaba.nacos.common.remote.client.printIfInfoEnabled:60 : [d3f5d401-b904-4723-bc0b-b17754a99495] Register server push request handler:com.alibaba.nacos.common.remote.client.RpcClient$ConnectResetRequestHandler
2024-07-12 11:08:11.387 INFO  [main] com.alibaba.nacos.common.remote.client.printIfInfoEnabled:60 : [d3f5d401-b904-4723-bc0b-b17754a99495] Register server push request handler:com.alibaba.nacos.common.remote.client.RpcClient$$Lambda$647/2034549539
2024-07-12 11:08:11.388 INFO  [main] com.alibaba.nacos.client.naming.subscribe:141 : [SUBSCRIBE-SERVICE] service:provider-demo, group:DEFAULT_GROUP, clusters:DEFAULT 
2024-07-12 11:08:11.412 INFO  [main] com.alibaba.nacos.client.naming.isChangedServiceInfo:181 : init new ips(0) service: DEFAULT_GROUP@@provider-demo@@DEFAULT -> []
2024-07-12 11:08:11.418 INFO  [main] com.alibaba.nacos.client.naming.processServiceInfo:166 : current ips:(0) service: DEFAULT_GROUP@@provider-demo@@DEFAULT -> []
2024-07-12 11:08:11.423 INFO  [main] org.apache.coyote.http11.Http11NioProtocol.log:173 : Starting ProtocolHandler ["http-nio-18080"]
2024-07-12 11:08:11.434 INFO  [main] org.springframework.boot.web.embedded.tomcat.TomcatWebServer.start:220 : Tomcat started on port(s): 18080 (http) with context path ''
2024-07-12 11:08:11.436 INFO  [main] com.alibaba.nacos.client.naming.registerService:111 : [REGISTER-SERVICE] public registering service provider-demo with instance Instance{instanceId='null', ip='10.35.2.175', port=18080, weight=1.0, healthy=true, enabled=true, ephemeral=true, clusterName='DEFAULT', serviceName='null', metadata={preserved.register.source=SPRING_CLOUD}}
2024-07-12 11:08:11.450 INFO  [main] com.alibaba.cloud.nacos.registry.NacosServiceRegistry.register:75 : nacos registry, DEFAULT_GROUP provider-demo 10.35.2.175:18080 register finished
2024-07-12 11:08:11.754 INFO  [main] org.example.NacosTestApplication.logStarted:61 : Started NacosTestApplication in 4.496 seconds (JVM running for 5.084)
2024-07-12 11:08:12.062 INFO  [nacos-grpc-client-executor-127.0.0.1-11] com.alibaba.nacos.common.remote.client.printIfInfoEnabled:60 : [d3f5d401-b904-4723-bc0b-b17754a99495] Receive server push request, request = NotifySubscriberRequest, requestId = 1
2024-07-12 11:08:12.066 INFO  [nacos-grpc-client-executor-127.0.0.1-11] com.alibaba.nacos.client.naming.isChangedServiceInfo:234 : new ips(1) service: DEFAULT_GROUP@@provider-demo@@DEFAULT -> [{"instanceId":"10.35.2.175#18080#DEFAULT#DEFAULT_GROUP@@provider-demo","ip":"10.35.2.175","port":18080,"weight":1.0,"healthy":true,"enabled":true,"ephemeral":true,"clusterName":"DEFAULT","serviceName":"DEFAULT_GROUP@@provider-demo","metadata":{"preserved.register.source":"SPRING_CLOUD"},"ipDeleteTimeout":30000,"instanceHeartBeatInterval":5000,"instanceHeartBeatTimeOut":15000}]
2024-07-12 11:08:12.066 INFO  [nacos-grpc-client-executor-127.0.0.1-11] com.alibaba.nacos.client.naming.processServiceInfo:166 : current ips:(1) service: DEFAULT_GROUP@@provider-demo@@DEFAULT -> [{"instanceId":"10.35.2.175#18080#DEFAULT#DEFAULT_GROUP@@provider-demo","ip":"10.35.2.175","port":18080,"weight":1.0,"healthy":true,"enabled":true,"ephemeral":true,"clusterName":"DEFAULT","serviceName":"DEFAULT_GROUP@@provider-demo","metadata":{"preserved.register.source":"SPRING_CLOUD"},"ipDeleteTimeout":30000,"instanceHeartBeatInterval":5000,"instanceHeartBeatTimeOut":15000}]
2024-07-12 11:08:12.067 INFO  [nacos-grpc-client-executor-127.0.0.1-11] com.alibaba.nacos.common.remote.client.printIfInfoEnabled:60 : [d3f5d401-b904-4723-bc0b-b17754a99495] Ack server push request, request = NotifySubscriberRequest, requestId = 1
2024-07-12 11:44:50.879 INFO  [http-nio-18080-exec-1] o.a.catalina.core.ContainerBase.[Tomcat].[localhost].[/].log:173 : Initializing Spring DispatcherServlet 'dispatcherServlet'
2024-07-12 11:44:50.880 INFO  [http-nio-18080-exec-1] org.springframework.web.servlet.DispatcherServlet.initServletBean:525 : Initializing Servlet 'dispatcherServlet'
2024-07-12 11:44:50.885 INFO  [http-nio-18080-exec-1] org.springframework.web.servlet.DispatcherServlet.initServletBean:547 : Completed initialization in 5 ms
2024-07-12 12:14:55.034 INFO  [SpringContextShutdownHook] o.s.scheduling.concurrent.ThreadPoolTaskScheduler.shutdown:218 : Shutting down ExecutorService 'Nacos-Watch-Task-Scheduler'
2024-07-12 12:14:55.037 INFO  [SpringContextShutdownHook] com.alibaba.cloud.nacos.registry.NacosServiceRegistry.deregister:94 : De-registering from Nacos Server now...
2024-07-12 12:14:55.037 INFO  [SpringContextShutdownHook] com.alibaba.nacos.client.naming.deregisterService:135 : [DEREGISTER-SERVICE] public deregistering service provider-demo with instance: Instance{instanceId='null', ip='10.35.2.175', port=18080, weight=1.0, healthy=true, enabled=true, ephemeral=true, clusterName='DEFAULT', serviceName='null', metadata={}}
2024-07-12 12:14:55.039 INFO  [SpringContextShutdownHook] com.alibaba.cloud.nacos.registry.NacosServiceRegistry.deregister:114 : De-registration finished.
2024-07-12 12:14:55.039 INFO  [SpringContextShutdownHook] com.alibaba.nacos.client.naming.shutdown:255 : com.alibaba.nacos.client.naming.cache.ServiceInfoHolder do shutdown begin
2024-07-12 12:14:55.039 INFO  [SpringContextShutdownHook] com.alibaba.nacos.client.naming.shutdown:140 : com.alibaba.nacos.client.naming.backups.FailoverReactor do shutdown begin
2024-07-12 12:14:55.039 INFO  [SpringContextShutdownHook] com.alibaba.nacos.client.naming.shutdown:142 : com.alibaba.nacos.client.naming.backups.FailoverReactor do shutdown stop
2024-07-12 12:14:55.039 INFO  [SpringContextShutdownHook] com.alibaba.nacos.client.naming.shutdown:257 : com.alibaba.nacos.client.naming.cache.ServiceInfoHolder do shutdown stop
2024-07-12 12:14:55.039 INFO  [SpringContextShutdownHook] com.alibaba.nacos.client.naming.shutdown:182 : com.alibaba.nacos.client.naming.remote.NamingClientProxyDelegate do shutdown begin
2024-07-12 12:14:55.039 INFO  [SpringContextShutdownHook] com.alibaba.nacos.client.naming.shutdown:130 : com.alibaba.nacos.client.naming.core.ServiceInfoUpdateService do shutdown begin
2024-07-12 12:15:01.056 INFO  [main] org.example.NacosTestApplication.logStartupProfileInfo:648 : No active profile set, falling back to default profiles: default
2024-07-12 12:15:01.644 INFO  [main] org.springframework.cloud.context.scope.GenericScope.setSerializationId:295 : BeanFactory id=f8b3cc45-a536-364a-bf78-1eb6f3db2aa5
2024-07-12 12:15:01.715 INFO  [main] o.s.c.s.PostProcessorRegistrationDelegate$BeanPostProcessorChecker.postProcessAfterInitialization:335 : Bean 'spring.datasource.dynamic-com.baomidou.dynamic.datasource.spring.boot.autoconfigure.DynamicDataSourceProperties' of type [com.baomidou.dynamic.datasource.spring.boot.autoconfigure.DynamicDataSourceProperties] is not eligible for getting processed by all BeanPostProcessors (for example: not eligible for auto-proxying)
2024-07-12 12:15:01.718 INFO  [main] o.s.c.s.PostProcessorRegistrationDelegate$BeanPostProcessorChecker.postProcessAfterInitialization:335 : Bean 'com.baomidou.dynamic.datasource.spring.boot.autoconfigure.DynamicDataSourceAutoConfiguration' of type [com.baomidou.dynamic.datasource.spring.boot.autoconfigure.DynamicDataSourceAutoConfiguration$$EnhancerBySpringCGLIB$$5245497c] is not eligible for getting processed by all BeanPostProcessors (for example: not eligible for auto-proxying)
2024-07-12 12:15:01.729 INFO  [main] o.s.c.s.PostProcessorRegistrationDelegate$BeanPostProcessorChecker.postProcessAfterInitialization:335 : Bean 'dsProcessor' of type [com.baomidou.dynamic.datasource.processor.DsHeaderProcessor] is not eligible for getting processed by all BeanPostProcessors (for example: not eligible for auto-proxying)
2024-07-12 12:15:01.888 INFO  [main] org.springframework.boot.web.embedded.tomcat.TomcatWebServer.initialize:108 : Tomcat initialized with port(s): 18080 (http)
2024-07-12 12:15:01.894 INFO  [main] org.apache.coyote.http11.Http11NioProtocol.log:173 : Initializing ProtocolHandler ["http-nio-18080"]
2024-07-12 12:15:01.894 INFO  [main] org.apache.catalina.core.StandardService.log:173 : Starting service [Tomcat]
2024-07-12 12:15:01.894 INFO  [main] org.apache.catalina.core.StandardEngine.log:173 : Starting Servlet engine: [Apache Tomcat/9.0.46]
2024-07-12 12:15:01.977 INFO  [main] o.a.catalina.core.ContainerBase.[Tomcat].[localhost].[/].log:173 : Initializing Spring embedded WebApplicationContext
2024-07-12 12:15:01.977 INFO  [main] o.s.b.web.servlet.context.ServletWebServerApplicationContext.prepareWebApplicationContext:285 : Root WebApplicationContext: initialization completed in 909 ms
2024-07-12 12:15:02.094 INFO  [main] com.alibaba.druid.pool.DruidDataSource.init:1002 : {dataSource-1,master} inited
2024-07-12 12:15:02.095 INFO  [main] com.alibaba.druid.pool.DruidDataSource.init:1002 : {dataSource-2,powerjob} inited
2024-07-12 12:15:02.095 INFO  [main] com.baomidou.dynamic.datasource.DynamicRoutingDataSource.addDataSource:154 : dynamic-datasource - add a datasource named [powerjob] success
2024-07-12 12:15:02.095 INFO  [main] com.baomidou.dynamic.datasource.DynamicRoutingDataSource.addDataSource:154 : dynamic-datasource - add a datasource named [master] success
2024-07-12 12:15:02.096 INFO  [main] com.baomidou.dynamic.datasource.DynamicRoutingDataSource.afterPropertiesSet:234 : dynamic-datasource initial loaded [2] datasource,primary datasource named [master]
2024-07-12 12:15:02.821 INFO  [main] com.netflix.config.sources.URLConfigurationSource.<init>:127 : To enable URLs as dynamic configuration sources, define System property archaius.configurationSource.additionalUrls or make config.properties available on classpath.
2024-07-12 12:15:02.824 INFO  [main] com.netflix.config.sources.URLConfigurationSource.<init>:127 : To enable URLs as dynamic configuration sources, define System property archaius.configurationSource.additionalUrls or make config.properties available on classpath.
2024-07-12 12:15:02.886 INFO  [main] o.s.scheduling.concurrent.ThreadPoolTaskExecutor.initialize:181 : Initializing ExecutorService 'applicationTaskExecutor'
2024-07-12 12:15:03.097 INFO  [main] o.s.scheduling.concurrent.ThreadPoolTaskScheduler.initialize:181 : Initializing ExecutorService 'Nacos-Watch-Task-Scheduler'
2024-07-12 12:15:03.358 INFO  [main] com.alibaba.nacos.client.naming.initNamespaceForNaming:62 : initializer namespace from System Property : null
2024-07-12 12:15:03.359 INFO  [main] com.alibaba.nacos.client.naming.lambda$initNamespaceForNaming$0:66 : initializer namespace from System Environment :null
2024-07-12 12:15:03.359 INFO  [main] com.alibaba.nacos.client.naming.lambda$initNamespaceForNaming$1:73 : initializer namespace from System Property :null
2024-07-12 12:15:03.379 INFO  [main] com.alibaba.nacos.client.utils.ParamUtil.<clinit>:87 : [settings] [req-serv] nacos-server port:8848
2024-07-12 12:15:03.379 INFO  [main] com.alibaba.nacos.client.utils.ParamUtil.<clinit>:98 : [settings] [http-client] connect timeout:1000
2024-07-12 12:15:03.379 INFO  [main] com.alibaba.nacos.client.utils.ParamUtil.<clinit>:105 : PER_TASK_CONFIG_SIZE: 3000.0
2024-07-12 12:15:03.383 INFO  [main] c.a.nacos.plugin.auth.spi.client.ClientAuthPluginManager.init:56 : [ClientAuthPluginManager] Load ClientAuthService com.alibaba.nacos.client.auth.impl.NacosClientAuthServiceImpl success.
2024-07-12 12:15:03.383 INFO  [main] c.a.nacos.plugin.auth.spi.client.ClientAuthPluginManager.init:56 : [ClientAuthPluginManager] Load ClientAuthService com.alibaba.nacos.client.auth.ram.RamClientAuthServiceImpl success.
2024-07-12 12:15:03.385 INFO  [main] com.alibaba.nacos.client.auth.ram.identify.CredentialWatcher.loadCredential:164 : null No credential found
2024-07-12 12:15:03.485 INFO  [main] com.alibaba.nacos.common.remote.client.lambda$createClient$0:95 : [RpcClientFactory] create a new rpc client of 7c76aff5-555e-4132-a152-bc8796ec5625
2024-07-12 12:15:03.547 INFO  [main] com.alibaba.nacos.common.remote.client.printIfInfoEnabled:60 : [7c76aff5-555e-4132-a152-bc8796ec5625] RpcClient init label, labels = {module=naming, source=sdk}
2024-07-12 12:15:03.549 INFO  [main] com.alibaba.nacos.common.remote.client.printIfInfoEnabled:60 : [7c76aff5-555e-4132-a152-bc8796ec5625] RpcClient init, ServerListFactory = com.alibaba.nacos.client.naming.core.ServerListManager
2024-07-12 12:15:03.549 INFO  [main] com.alibaba.nacos.common.remote.client.printIfInfoEnabled:60 : [7c76aff5-555e-4132-a152-bc8796ec5625] Registry connection listener to current client:com.alibaba.nacos.client.naming.remote.gprc.redo.NamingGrpcRedoService
2024-07-12 12:15:03.550 INFO  [main] com.alibaba.nacos.common.remote.client.printIfInfoEnabled:60 : [7c76aff5-555e-4132-a152-bc8796ec5625] Register server push request handler:com.alibaba.nacos.client.naming.remote.gprc.NamingPushRequestHandler
2024-07-12 12:15:03.551 INFO  [main] com.alibaba.nacos.common.remote.client.printIfInfoEnabled:60 : [7c76aff5-555e-4132-a152-bc8796ec5625] Try to connect to server on start up, server: {serverIp = '127.0.0.1', server main port = 8848}
2024-07-12 12:15:04.368 INFO  [main] com.alibaba.nacos.common.remote.client.printIfInfoEnabled:60 : [7c76aff5-555e-4132-a152-bc8796ec5625] Success to connect to server [127.0.0.1:8848] on start up, connectionId = 1720757704213_127.0.0.1_59028
2024-07-12 12:15:04.369 INFO  [com.alibaba.nacos.client.remote.worker] com.alibaba.nacos.common.remote.client.printIfInfoEnabled:60 : [7c76aff5-555e-4132-a152-bc8796ec5625] Notify connected event to listeners.
2024-07-12 12:15:04.370 INFO  [com.alibaba.nacos.client.remote.worker] com.alibaba.nacos.client.naming.onConnected:76 : Grpc connection connect
2024-07-12 12:15:04.370 INFO  [main] com.alibaba.nacos.common.remote.client.printIfInfoEnabled:60 : [7c76aff5-555e-4132-a152-bc8796ec5625] Register server push request handler:com.alibaba.nacos.common.remote.client.RpcClient$ConnectResetRequestHandler
2024-07-12 12:15:04.371 INFO  [main] com.alibaba.nacos.common.remote.client.printIfInfoEnabled:60 : [7c76aff5-555e-4132-a152-bc8796ec5625] Register server push request handler:com.alibaba.nacos.common.remote.client.RpcClient$$Lambda$647/1501019626
2024-07-12 12:15:04.373 INFO  [main] com.alibaba.nacos.client.naming.subscribe:141 : [SUBSCRIBE-SERVICE] service:provider-demo, group:DEFAULT_GROUP, clusters:DEFAULT 
2024-07-12 12:15:04.387 INFO  [main] com.alibaba.nacos.client.naming.isChangedServiceInfo:181 : init new ips(0) service: DEFAULT_GROUP@@provider-demo@@DEFAULT -> []
2024-07-12 12:15:04.393 INFO  [main] com.alibaba.nacos.client.naming.processServiceInfo:166 : current ips:(0) service: DEFAULT_GROUP@@provider-demo@@DEFAULT -> []
2024-07-12 12:15:04.397 INFO  [main] org.apache.coyote.http11.Http11NioProtocol.log:173 : Starting ProtocolHandler ["http-nio-18080"]
2024-07-12 12:15:04.410 INFO  [main] org.springframework.boot.web.embedded.tomcat.TomcatWebServer.start:220 : Tomcat started on port(s): 18080 (http) with context path ''
2024-07-12 12:15:04.413 INFO  [main] com.alibaba.nacos.client.naming.registerService:111 : [REGISTER-SERVICE] public registering service provider-demo with instance Instance{instanceId='null', ip='10.35.2.175', port=18080, weight=1.0, healthy=true, enabled=true, ephemeral=true, clusterName='DEFAULT', serviceName='null', metadata={preserved.register.source=SPRING_CLOUD}}
2024-07-12 12:15:04.419 INFO  [main] com.alibaba.cloud.nacos.registry.NacosServiceRegistry.register:75 : nacos registry, DEFAULT_GROUP provider-demo 10.35.2.175:18080 register finished
2024-07-12 12:15:04.724 INFO  [main] org.example.NacosTestApplication.logStarted:61 : Started NacosTestApplication in 4.508 seconds (JVM running for 5.096)
2024-07-12 12:15:04.979 INFO  [nacos-grpc-client-executor-127.0.0.1-10] com.alibaba.nacos.common.remote.client.printIfInfoEnabled:60 : [7c76aff5-555e-4132-a152-bc8796ec5625] Receive server push request, request = NotifySubscriberRequest, requestId = 9
2024-07-12 12:15:04.983 INFO  [nacos-grpc-client-executor-127.0.0.1-10] com.alibaba.nacos.client.naming.isChangedServiceInfo:234 : new ips(1) service: DEFAULT_GROUP@@provider-demo@@DEFAULT -> [{"instanceId":"10.35.2.175#18080#DEFAULT#DEFAULT_GROUP@@provider-demo","ip":"10.35.2.175","port":18080,"weight":1.0,"healthy":true,"enabled":true,"ephemeral":true,"clusterName":"DEFAULT","serviceName":"DEFAULT_GROUP@@provider-demo","metadata":{"preserved.register.source":"SPRING_CLOUD"},"ipDeleteTimeout":30000,"instanceHeartBeatInterval":5000,"instanceHeartBeatTimeOut":15000}]
2024-07-12 12:15:04.983 INFO  [nacos-grpc-client-executor-127.0.0.1-10] com.alibaba.nacos.client.naming.processServiceInfo:166 : current ips:(1) service: DEFAULT_GROUP@@provider-demo@@DEFAULT -> [{"instanceId":"10.35.2.175#18080#DEFAULT#DEFAULT_GROUP@@provider-demo","ip":"10.35.2.175","port":18080,"weight":1.0,"healthy":true,"enabled":true,"ephemeral":true,"clusterName":"DEFAULT","serviceName":"DEFAULT_GROUP@@provider-demo","metadata":{"preserved.register.source":"SPRING_CLOUD"},"ipDeleteTimeout":30000,"instanceHeartBeatInterval":5000,"instanceHeartBeatTimeOut":15000}]
2024-07-12 12:15:04.984 INFO  [nacos-grpc-client-executor-127.0.0.1-10] com.alibaba.nacos.common.remote.client.printIfInfoEnabled:60 : [7c76aff5-555e-4132-a152-bc8796ec5625] Ack server push request, request = NotifySubscriberRequest, requestId = 9
2024-07-12 12:16:08.785 INFO  [http-nio-18080-exec-1] o.a.catalina.core.ContainerBase.[Tomcat].[localhost].[/].log:173 : Initializing Spring DispatcherServlet 'dispatcherServlet'
2024-07-12 12:16:08.786 INFO  [http-nio-18080-exec-1] org.springframework.web.servlet.DispatcherServlet.initServletBean:525 : Initializing Servlet 'dispatcherServlet'
2024-07-12 12:16:08.789 INFO  [http-nio-18080-exec-1] org.springframework.web.servlet.DispatcherServlet.initServletBean:547 : Completed initialization in 3 ms
2024-07-12 13:36:20.005 INFO  [SpringContextShutdownHook] o.s.scheduling.concurrent.ThreadPoolTaskScheduler.shutdown:218 : Shutting down ExecutorService 'Nacos-Watch-Task-Scheduler'
2024-07-12 13:36:20.008 INFO  [SpringContextShutdownHook] com.alibaba.cloud.nacos.registry.NacosServiceRegistry.deregister:94 : De-registering from Nacos Server now...
2024-07-12 13:36:20.008 INFO  [SpringContextShutdownHook] com.alibaba.nacos.client.naming.deregisterService:135 : [DEREGISTER-SERVICE] public deregistering service provider-demo with instance: Instance{instanceId='null', ip='10.35.2.175', port=18080, weight=1.0, healthy=true, enabled=true, ephemeral=true, clusterName='DEFAULT', serviceName='null', metadata={}}
2024-07-12 13:36:20.010 INFO  [SpringContextShutdownHook] com.alibaba.cloud.nacos.registry.NacosServiceRegistry.deregister:114 : De-registration finished.
2024-07-12 13:36:20.010 INFO  [SpringContextShutdownHook] com.alibaba.nacos.client.naming.shutdown:255 : com.alibaba.nacos.client.naming.cache.ServiceInfoHolder do shutdown begin
2024-07-12 13:36:20.010 INFO  [SpringContextShutdownHook] com.alibaba.nacos.client.naming.shutdown:140 : com.alibaba.nacos.client.naming.backups.FailoverReactor do shutdown begin
2024-07-12 13:36:20.011 INFO  [SpringContextShutdownHook] com.alibaba.nacos.client.naming.shutdown:142 : com.alibaba.nacos.client.naming.backups.FailoverReactor do shutdown stop
2024-07-12 13:36:20.011 INFO  [SpringContextShutdownHook] com.alibaba.nacos.client.naming.shutdown:257 : com.alibaba.nacos.client.naming.cache.ServiceInfoHolder do shutdown stop
2024-07-12 13:36:20.011 INFO  [SpringContextShutdownHook] com.alibaba.nacos.client.naming.shutdown:182 : com.alibaba.nacos.client.naming.remote.NamingClientProxyDelegate do shutdown begin
2024-07-12 13:36:20.011 INFO  [SpringContextShutdownHook] com.alibaba.nacos.client.naming.shutdown:130 : com.alibaba.nacos.client.naming.core.ServiceInfoUpdateService do shutdown begin
2024-07-12 13:36:25.191 INFO  [main] org.example.NacosTestApplication.logStartupProfileInfo:648 : No active profile set, falling back to default profiles: default
2024-07-12 13:36:25.808 INFO  [main] org.springframework.cloud.context.scope.GenericScope.setSerializationId:295 : BeanFactory id=f8b3cc45-a536-364a-bf78-1eb6f3db2aa5
2024-07-12 13:36:25.877 INFO  [main] o.s.c.s.PostProcessorRegistrationDelegate$BeanPostProcessorChecker.postProcessAfterInitialization:335 : Bean 'spring.datasource.dynamic-com.baomidou.dynamic.datasource.spring.boot.autoconfigure.DynamicDataSourceProperties' of type [com.baomidou.dynamic.datasource.spring.boot.autoconfigure.DynamicDataSourceProperties] is not eligible for getting processed by all BeanPostProcessors (for example: not eligible for auto-proxying)
2024-07-12 13:36:25.879 INFO  [main] o.s.c.s.PostProcessorRegistrationDelegate$BeanPostProcessorChecker.postProcessAfterInitialization:335 : Bean 'com.baomidou.dynamic.datasource.spring.boot.autoconfigure.DynamicDataSourceAutoConfiguration' of type [com.baomidou.dynamic.datasource.spring.boot.autoconfigure.DynamicDataSourceAutoConfiguration$$EnhancerBySpringCGLIB$$39ff346b] is not eligible for getting processed by all BeanPostProcessors (for example: not eligible for auto-proxying)
2024-07-12 13:36:25.890 INFO  [main] o.s.c.s.PostProcessorRegistrationDelegate$BeanPostProcessorChecker.postProcessAfterInitialization:335 : Bean 'dsProcessor' of type [com.baomidou.dynamic.datasource.processor.DsHeaderProcessor] is not eligible for getting processed by all BeanPostProcessors (for example: not eligible for auto-proxying)
2024-07-12 13:36:26.040 INFO  [main] org.springframework.boot.web.embedded.tomcat.TomcatWebServer.initialize:108 : Tomcat initialized with port(s): 18080 (http)
2024-07-12 13:36:26.046 INFO  [main] org.apache.coyote.http11.Http11NioProtocol.log:173 : Initializing ProtocolHandler ["http-nio-18080"]
2024-07-12 13:36:26.046 INFO  [main] org.apache.catalina.core.StandardService.log:173 : Starting service [Tomcat]
2024-07-12 13:36:26.046 INFO  [main] org.apache.catalina.core.StandardEngine.log:173 : Starting Servlet engine: [Apache Tomcat/9.0.46]
2024-07-12 13:36:26.130 INFO  [main] o.a.catalina.core.ContainerBase.[Tomcat].[localhost].[/].log:173 : Initializing Spring embedded WebApplicationContext
2024-07-12 13:36:26.130 INFO  [main] o.s.b.web.servlet.context.ServletWebServerApplicationContext.prepareWebApplicationContext:285 : Root WebApplicationContext: initialization completed in 926 ms
2024-07-12 13:36:26.250 INFO  [main] com.alibaba.druid.pool.DruidDataSource.init:1002 : {dataSource-1,master} inited
2024-07-12 13:36:26.252 INFO  [main] com.alibaba.druid.pool.DruidDataSource.init:1002 : {dataSource-2,powerjob} inited
2024-07-12 13:36:26.252 INFO  [main] com.baomidou.dynamic.datasource.DynamicRoutingDataSource.addDataSource:154 : dynamic-datasource - add a datasource named [powerjob] success
2024-07-12 13:36:26.252 INFO  [main] com.baomidou.dynamic.datasource.DynamicRoutingDataSource.addDataSource:154 : dynamic-datasource - add a datasource named [master] success
2024-07-12 13:36:26.252 INFO  [main] com.baomidou.dynamic.datasource.DynamicRoutingDataSource.afterPropertiesSet:234 : dynamic-datasource initial loaded [2] datasource,primary datasource named [master]
2024-07-12 13:36:26.965 INFO  [main] com.netflix.config.sources.URLConfigurationSource.<init>:127 : To enable URLs as dynamic configuration sources, define System property archaius.configurationSource.additionalUrls or make config.properties available on classpath.
2024-07-12 13:36:26.968 INFO  [main] com.netflix.config.sources.URLConfigurationSource.<init>:127 : To enable URLs as dynamic configuration sources, define System property archaius.configurationSource.additionalUrls or make config.properties available on classpath.
2024-07-12 13:36:27.031 INFO  [main] o.s.scheduling.concurrent.ThreadPoolTaskExecutor.initialize:181 : Initializing ExecutorService 'applicationTaskExecutor'
2024-07-12 13:36:27.275 INFO  [main] o.s.scheduling.concurrent.ThreadPoolTaskScheduler.initialize:181 : Initializing ExecutorService 'Nacos-Watch-Task-Scheduler'
2024-07-12 13:36:27.550 INFO  [main] com.alibaba.nacos.client.naming.initNamespaceForNaming:62 : initializer namespace from System Property : null
2024-07-12 13:36:27.551 INFO  [main] com.alibaba.nacos.client.naming.lambda$initNamespaceForNaming$0:66 : initializer namespace from System Environment :null
2024-07-12 13:36:27.551 INFO  [main] com.alibaba.nacos.client.naming.lambda$initNamespaceForNaming$1:73 : initializer namespace from System Property :null
2024-07-12 13:36:27.571 INFO  [main] com.alibaba.nacos.client.utils.ParamUtil.<clinit>:87 : [settings] [req-serv] nacos-server port:8848
2024-07-12 13:36:27.572 INFO  [main] com.alibaba.nacos.client.utils.ParamUtil.<clinit>:98 : [settings] [http-client] connect timeout:1000
2024-07-12 13:36:27.572 INFO  [main] com.alibaba.nacos.client.utils.ParamUtil.<clinit>:105 : PER_TASK_CONFIG_SIZE: 3000.0
2024-07-12 13:36:27.575 INFO  [main] c.a.nacos.plugin.auth.spi.client.ClientAuthPluginManager.init:56 : [ClientAuthPluginManager] Load ClientAuthService com.alibaba.nacos.client.auth.impl.NacosClientAuthServiceImpl success.
2024-07-12 13:36:27.575 INFO  [main] c.a.nacos.plugin.auth.spi.client.ClientAuthPluginManager.init:56 : [ClientAuthPluginManager] Load ClientAuthService com.alibaba.nacos.client.auth.ram.RamClientAuthServiceImpl success.
2024-07-12 13:36:27.672 INFO  [main] com.alibaba.nacos.client.auth.ram.identify.CredentialWatcher.loadCredential:164 : null No credential found
2024-07-12 13:36:27.678 INFO  [main] com.alibaba.nacos.common.remote.client.lambda$createClient$0:95 : [RpcClientFactory] create a new rpc client of b06c1d22-85e9-4aa3-bfde-466d0ddd69d7
2024-07-12 13:36:27.744 INFO  [main] com.alibaba.nacos.common.remote.client.printIfInfoEnabled:60 : [b06c1d22-85e9-4aa3-bfde-466d0ddd69d7] RpcClient init label, labels = {module=naming, source=sdk}
2024-07-12 13:36:27.745 INFO  [main] com.alibaba.nacos.common.remote.client.printIfInfoEnabled:60 : [b06c1d22-85e9-4aa3-bfde-466d0ddd69d7] RpcClient init, ServerListFactory = com.alibaba.nacos.client.naming.core.ServerListManager
2024-07-12 13:36:27.746 INFO  [main] com.alibaba.nacos.common.remote.client.printIfInfoEnabled:60 : [b06c1d22-85e9-4aa3-bfde-466d0ddd69d7] Registry connection listener to current client:com.alibaba.nacos.client.naming.remote.gprc.redo.NamingGrpcRedoService
2024-07-12 13:36:27.746 INFO  [main] com.alibaba.nacos.common.remote.client.printIfInfoEnabled:60 : [b06c1d22-85e9-4aa3-bfde-466d0ddd69d7] Register server push request handler:com.alibaba.nacos.client.naming.remote.gprc.NamingPushRequestHandler
2024-07-12 13:36:27.747 INFO  [main] com.alibaba.nacos.common.remote.client.printIfInfoEnabled:60 : [b06c1d22-85e9-4aa3-bfde-466d0ddd69d7] Try to connect to server on start up, server: {serverIp = '127.0.0.1', server main port = 8848}
2024-07-12 13:36:28.608 INFO  [main] com.alibaba.nacos.common.remote.client.printIfInfoEnabled:60 : [b06c1d22-85e9-4aa3-bfde-466d0ddd69d7] Success to connect to server [127.0.0.1:8848] on start up, connectionId = 1720762588454_127.0.0.1_63985
2024-07-12 13:36:28.608 INFO  [com.alibaba.nacos.client.remote.worker] com.alibaba.nacos.common.remote.client.printIfInfoEnabled:60 : [b06c1d22-85e9-4aa3-bfde-466d0ddd69d7] Notify connected event to listeners.
2024-07-12 13:36:28.609 INFO  [com.alibaba.nacos.client.remote.worker] com.alibaba.nacos.client.naming.onConnected:76 : Grpc connection connect
2024-07-12 13:36:28.609 INFO  [main] com.alibaba.nacos.common.remote.client.printIfInfoEnabled:60 : [b06c1d22-85e9-4aa3-bfde-466d0ddd69d7] Register server push request handler:com.alibaba.nacos.common.remote.client.RpcClient$ConnectResetRequestHandler
2024-07-12 13:36:28.609 INFO  [main] com.alibaba.nacos.common.remote.client.printIfInfoEnabled:60 : [b06c1d22-85e9-4aa3-bfde-466d0ddd69d7] Register server push request handler:com.alibaba.nacos.common.remote.client.RpcClient$$Lambda$647/1141137903
2024-07-12 13:36:28.611 INFO  [main] com.alibaba.nacos.client.naming.subscribe:141 : [SUBSCRIBE-SERVICE] service:provider-demo, group:DEFAULT_GROUP, clusters:DEFAULT 
2024-07-12 13:36:28.623 INFO  [main] com.alibaba.nacos.client.naming.isChangedServiceInfo:181 : init new ips(0) service: DEFAULT_GROUP@@provider-demo@@DEFAULT -> []
2024-07-12 13:36:28.630 INFO  [main] com.alibaba.nacos.client.naming.processServiceInfo:166 : current ips:(0) service: DEFAULT_GROUP@@provider-demo@@DEFAULT -> []
2024-07-12 13:36:28.635 INFO  [main] org.apache.coyote.http11.Http11NioProtocol.log:173 : Starting ProtocolHandler ["http-nio-18080"]
2024-07-12 13:36:28.646 INFO  [main] org.springframework.boot.web.embedded.tomcat.TomcatWebServer.start:220 : Tomcat started on port(s): 18080 (http) with context path ''
2024-07-12 13:36:28.649 INFO  [main] com.alibaba.nacos.client.naming.registerService:111 : [REGISTER-SERVICE] public registering service provider-demo with instance Instance{instanceId='null', ip='10.35.2.175', port=18080, weight=1.0, healthy=true, enabled=true, ephemeral=true, clusterName='DEFAULT', serviceName='null', metadata={preserved.register.source=SPRING_CLOUD}}
2024-07-12 13:36:28.655 INFO  [main] com.alibaba.cloud.nacos.registry.NacosServiceRegistry.register:75 : nacos registry, DEFAULT_GROUP provider-demo 10.35.2.175:18080 register finished
2024-07-12 13:36:28.981 INFO  [main] org.example.NacosTestApplication.logStarted:61 : Started NacosTestApplication in 4.63 seconds (JVM running for 5.202)
2024-07-12 13:36:29.155 INFO  [nacos-grpc-client-executor-127.0.0.1-9] com.alibaba.nacos.common.remote.client.printIfInfoEnabled:60 : [b06c1d22-85e9-4aa3-bfde-466d0ddd69d7] Receive server push request, request = NotifySubscriberRequest, requestId = 14
2024-07-12 13:36:29.158 INFO  [nacos-grpc-client-executor-127.0.0.1-9] com.alibaba.nacos.client.naming.isChangedServiceInfo:234 : new ips(1) service: DEFAULT_GROUP@@provider-demo@@DEFAULT -> [{"instanceId":"10.35.2.175#18080#DEFAULT#DEFAULT_GROUP@@provider-demo","ip":"10.35.2.175","port":18080,"weight":1.0,"healthy":true,"enabled":true,"ephemeral":true,"clusterName":"DEFAULT","serviceName":"DEFAULT_GROUP@@provider-demo","metadata":{"preserved.register.source":"SPRING_CLOUD"},"ipDeleteTimeout":30000,"instanceHeartBeatInterval":5000,"instanceHeartBeatTimeOut":15000}]
2024-07-12 13:36:29.158 INFO  [nacos-grpc-client-executor-127.0.0.1-9] com.alibaba.nacos.client.naming.processServiceInfo:166 : current ips:(1) service: DEFAULT_GROUP@@provider-demo@@DEFAULT -> [{"instanceId":"10.35.2.175#18080#DEFAULT#DEFAULT_GROUP@@provider-demo","ip":"10.35.2.175","port":18080,"weight":1.0,"healthy":true,"enabled":true,"ephemeral":true,"clusterName":"DEFAULT","serviceName":"DEFAULT_GROUP@@provider-demo","metadata":{"preserved.register.source":"SPRING_CLOUD"},"ipDeleteTimeout":30000,"instanceHeartBeatInterval":5000,"instanceHeartBeatTimeOut":15000}]
2024-07-12 13:36:29.159 INFO  [nacos-grpc-client-executor-127.0.0.1-9] com.alibaba.nacos.common.remote.client.printIfInfoEnabled:60 : [b06c1d22-85e9-4aa3-bfde-466d0ddd69d7] Ack server push request, request = NotifySubscriberRequest, requestId = 14
2024-07-12 13:36:48.593 INFO  [http-nio-18080-exec-1] o.a.catalina.core.ContainerBase.[Tomcat].[localhost].[/].log:173 : Initializing Spring DispatcherServlet 'dispatcherServlet'
2024-07-12 13:36:48.594 INFO  [http-nio-18080-exec-1] org.springframework.web.servlet.DispatcherServlet.initServletBean:525 : Initializing Servlet 'dispatcherServlet'
2024-07-12 13:36:48.597 INFO  [http-nio-18080-exec-1] org.springframework.web.servlet.DispatcherServlet.initServletBean:547 : Completed initialization in 3 ms
2024-07-12 14:18:05.803 INFO  [SpringContextShutdownHook] o.s.scheduling.concurrent.ThreadPoolTaskScheduler.shutdown:218 : Shutting down ExecutorService 'Nacos-Watch-Task-Scheduler'
2024-07-12 14:18:05.806 INFO  [SpringContextShutdownHook] com.alibaba.cloud.nacos.registry.NacosServiceRegistry.deregister:94 : De-registering from Nacos Server now...
2024-07-12 14:18:05.806 INFO  [SpringContextShutdownHook] com.alibaba.nacos.client.naming.deregisterService:135 : [DEREGISTER-SERVICE] public deregistering service provider-demo with instance: Instance{instanceId='null', ip='10.35.2.175', port=18080, weight=1.0, healthy=true, enabled=true, ephemeral=true, clusterName='DEFAULT', serviceName='null', metadata={}}
2024-07-12 14:18:05.808 INFO  [SpringContextShutdownHook] com.alibaba.cloud.nacos.registry.NacosServiceRegistry.deregister:114 : De-registration finished.
2024-07-12 14:18:05.808 INFO  [SpringContextShutdownHook] com.alibaba.nacos.client.naming.shutdown:255 : com.alibaba.nacos.client.naming.cache.ServiceInfoHolder do shutdown begin
2024-07-12 14:18:05.808 INFO  [SpringContextShutdownHook] com.alibaba.nacos.client.naming.shutdown:140 : com.alibaba.nacos.client.naming.backups.FailoverReactor do shutdown begin
2024-07-12 14:18:05.808 INFO  [SpringContextShutdownHook] com.alibaba.nacos.client.naming.shutdown:142 : com.alibaba.nacos.client.naming.backups.FailoverReactor do shutdown stop
2024-07-12 14:18:05.808 INFO  [SpringContextShutdownHook] com.alibaba.nacos.client.naming.shutdown:257 : com.alibaba.nacos.client.naming.cache.ServiceInfoHolder do shutdown stop
2024-07-12 14:18:05.808 INFO  [SpringContextShutdownHook] com.alibaba.nacos.client.naming.shutdown:182 : com.alibaba.nacos.client.naming.remote.NamingClientProxyDelegate do shutdown begin
2024-07-12 14:18:05.808 INFO  [SpringContextShutdownHook] com.alibaba.nacos.client.naming.shutdown:130 : com.alibaba.nacos.client.naming.core.ServiceInfoUpdateService do shutdown begin
2024-07-12 14:18:11.510 INFO  [main] org.example.NacosTestApplication.logStartupProfileInfo:648 : No active profile set, falling back to default profiles: default
2024-07-12 14:18:12.147 INFO  [main] org.springframework.cloud.context.scope.GenericScope.setSerializationId:295 : BeanFactory id=f8b3cc45-a536-364a-bf78-1eb6f3db2aa5
2024-07-12 14:18:12.219 INFO  [main] o.s.c.s.PostProcessorRegistrationDelegate$BeanPostProcessorChecker.postProcessAfterInitialization:335 : Bean 'spring.datasource.dynamic-com.baomidou.dynamic.datasource.spring.boot.autoconfigure.DynamicDataSourceProperties' of type [com.baomidou.dynamic.datasource.spring.boot.autoconfigure.DynamicDataSourceProperties] is not eligible for getting processed by all BeanPostProcessors (for example: not eligible for auto-proxying)
2024-07-12 14:18:12.221 INFO  [main] o.s.c.s.PostProcessorRegistrationDelegate$BeanPostProcessorChecker.postProcessAfterInitialization:335 : Bean 'com.baomidou.dynamic.datasource.spring.boot.autoconfigure.DynamicDataSourceAutoConfiguration' of type [com.baomidou.dynamic.datasource.spring.boot.autoconfigure.DynamicDataSourceAutoConfiguration$$EnhancerBySpringCGLIB$$bcb41dc6] is not eligible for getting processed by all BeanPostProcessors (for example: not eligible for auto-proxying)
2024-07-12 14:18:12.231 INFO  [main] o.s.c.s.PostProcessorRegistrationDelegate$BeanPostProcessorChecker.postProcessAfterInitialization:335 : Bean 'dsProcessor' of type [com.baomidou.dynamic.datasource.processor.DsHeaderProcessor] is not eligible for getting processed by all BeanPostProcessors (for example: not eligible for auto-proxying)
2024-07-12 14:18:12.381 INFO  [main] org.springframework.boot.web.embedded.tomcat.TomcatWebServer.initialize:108 : Tomcat initialized with port(s): 18080 (http)
2024-07-12 14:18:12.387 INFO  [main] org.apache.coyote.http11.Http11NioProtocol.log:173 : Initializing ProtocolHandler ["http-nio-18080"]
2024-07-12 14:18:12.387 INFO  [main] org.apache.catalina.core.StandardService.log:173 : Starting service [Tomcat]
2024-07-12 14:18:12.388 INFO  [main] org.apache.catalina.core.StandardEngine.log:173 : Starting Servlet engine: [Apache Tomcat/9.0.46]
2024-07-12 14:18:12.470 INFO  [main] o.a.catalina.core.ContainerBase.[Tomcat].[localhost].[/].log:173 : Initializing Spring embedded WebApplicationContext
2024-07-12 14:18:12.471 INFO  [main] o.s.b.web.servlet.context.ServletWebServerApplicationContext.prepareWebApplicationContext:285 : Root WebApplicationContext: initialization completed in 949 ms
2024-07-12 14:18:12.583 INFO  [main] com.alibaba.druid.pool.DruidDataSource.init:1002 : {dataSource-1,master} inited
2024-07-12 14:18:12.584 INFO  [main] com.alibaba.druid.pool.DruidDataSource.init:1002 : {dataSource-2,powerjob} inited
2024-07-12 14:18:12.585 INFO  [main] com.baomidou.dynamic.datasource.DynamicRoutingDataSource.addDataSource:154 : dynamic-datasource - add a datasource named [powerjob] success
2024-07-12 14:18:12.585 INFO  [main] com.baomidou.dynamic.datasource.DynamicRoutingDataSource.addDataSource:154 : dynamic-datasource - add a datasource named [master] success
2024-07-12 14:18:12.585 INFO  [main] com.baomidou.dynamic.datasource.DynamicRoutingDataSource.afterPropertiesSet:234 : dynamic-datasource initial loaded [2] datasource,primary datasource named [master]
2024-07-12 14:18:13.300 INFO  [main] com.netflix.config.sources.URLConfigurationSource.<init>:127 : To enable URLs as dynamic configuration sources, define System property archaius.configurationSource.additionalUrls or make config.properties available on classpath.
2024-07-12 14:18:13.303 INFO  [main] com.netflix.config.sources.URLConfigurationSource.<init>:127 : To enable URLs as dynamic configuration sources, define System property archaius.configurationSource.additionalUrls or make config.properties available on classpath.
2024-07-12 14:18:13.366 INFO  [main] o.s.scheduling.concurrent.ThreadPoolTaskExecutor.initialize:181 : Initializing ExecutorService 'applicationTaskExecutor'
2024-07-12 14:18:13.581 INFO  [main] o.s.scheduling.concurrent.ThreadPoolTaskScheduler.initialize:181 : Initializing ExecutorService 'Nacos-Watch-Task-Scheduler'
2024-07-12 14:18:13.844 INFO  [main] com.alibaba.nacos.client.naming.initNamespaceForNaming:62 : initializer namespace from System Property : null
2024-07-12 14:18:13.845 INFO  [main] com.alibaba.nacos.client.naming.lambda$initNamespaceForNaming$0:66 : initializer namespace from System Environment :null
2024-07-12 14:18:13.846 INFO  [main] com.alibaba.nacos.client.naming.lambda$initNamespaceForNaming$1:73 : initializer namespace from System Property :null
2024-07-12 14:18:13.864 INFO  [main] com.alibaba.nacos.client.utils.ParamUtil.<clinit>:87 : [settings] [req-serv] nacos-server port:8848
2024-07-12 14:18:13.864 INFO  [main] com.alibaba.nacos.client.utils.ParamUtil.<clinit>:98 : [settings] [http-client] connect timeout:1000
2024-07-12 14:18:13.864 INFO  [main] com.alibaba.nacos.client.utils.ParamUtil.<clinit>:105 : PER_TASK_CONFIG_SIZE: 3000.0
2024-07-12 14:18:13.867 INFO  [main] c.a.nacos.plugin.auth.spi.client.ClientAuthPluginManager.init:56 : [ClientAuthPluginManager] Load ClientAuthService com.alibaba.nacos.client.auth.impl.NacosClientAuthServiceImpl success.
2024-07-12 14:18:13.867 INFO  [main] c.a.nacos.plugin.auth.spi.client.ClientAuthPluginManager.init:56 : [ClientAuthPluginManager] Load ClientAuthService com.alibaba.nacos.client.auth.ram.RamClientAuthServiceImpl success.
2024-07-12 14:18:13.961 INFO  [main] com.alibaba.nacos.client.auth.ram.identify.CredentialWatcher.loadCredential:164 : null No credential found
2024-07-12 14:18:13.967 INFO  [main] com.alibaba.nacos.common.remote.client.lambda$createClient$0:95 : [RpcClientFactory] create a new rpc client of b5599048-aa1f-431a-b7cd-de1c31b2a3e9
2024-07-12 14:18:14.029 INFO  [main] com.alibaba.nacos.common.remote.client.printIfInfoEnabled:60 : [b5599048-aa1f-431a-b7cd-de1c31b2a3e9] RpcClient init label, labels = {module=naming, source=sdk}
2024-07-12 14:18:14.030 INFO  [main] com.alibaba.nacos.common.remote.client.printIfInfoEnabled:60 : [b5599048-aa1f-431a-b7cd-de1c31b2a3e9] RpcClient init, ServerListFactory = com.alibaba.nacos.client.naming.core.ServerListManager
2024-07-12 14:18:14.031 INFO  [main] com.alibaba.nacos.common.remote.client.printIfInfoEnabled:60 : [b5599048-aa1f-431a-b7cd-de1c31b2a3e9] Registry connection listener to current client:com.alibaba.nacos.client.naming.remote.gprc.redo.NamingGrpcRedoService
2024-07-12 14:18:14.031 INFO  [main] com.alibaba.nacos.common.remote.client.printIfInfoEnabled:60 : [b5599048-aa1f-431a-b7cd-de1c31b2a3e9] Register server push request handler:com.alibaba.nacos.client.naming.remote.gprc.NamingPushRequestHandler
2024-07-12 14:18:14.033 INFO  [main] com.alibaba.nacos.common.remote.client.printIfInfoEnabled:60 : [b5599048-aa1f-431a-b7cd-de1c31b2a3e9] Try to connect to server on start up, server: {serverIp = '127.0.0.1', server main port = 8848}
2024-07-12 14:18:14.831 INFO  [main] com.alibaba.nacos.common.remote.client.printIfInfoEnabled:60 : [b5599048-aa1f-431a-b7cd-de1c31b2a3e9] Success to connect to server [127.0.0.1:8848] on start up, connectionId = 1720765094677_127.0.0.1_65391
2024-07-12 14:18:14.831 INFO  [com.alibaba.nacos.client.remote.worker] com.alibaba.nacos.common.remote.client.printIfInfoEnabled:60 : [b5599048-aa1f-431a-b7cd-de1c31b2a3e9] Notify connected event to listeners.
2024-07-12 14:18:14.832 INFO  [com.alibaba.nacos.client.remote.worker] com.alibaba.nacos.client.naming.onConnected:76 : Grpc connection connect
2024-07-12 14:18:14.832 INFO  [main] com.alibaba.nacos.common.remote.client.printIfInfoEnabled:60 : [b5599048-aa1f-431a-b7cd-de1c31b2a3e9] Register server push request handler:com.alibaba.nacos.common.remote.client.RpcClient$ConnectResetRequestHandler
2024-07-12 14:18:14.832 INFO  [main] com.alibaba.nacos.common.remote.client.printIfInfoEnabled:60 : [b5599048-aa1f-431a-b7cd-de1c31b2a3e9] Register server push request handler:com.alibaba.nacos.common.remote.client.RpcClient$$Lambda$647/414386513
2024-07-12 14:18:14.833 INFO  [main] com.alibaba.nacos.client.naming.subscribe:141 : [SUBSCRIBE-SERVICE] service:provider-demo, group:DEFAULT_GROUP, clusters:DEFAULT 
2024-07-12 14:18:14.845 INFO  [main] com.alibaba.nacos.client.naming.isChangedServiceInfo:181 : init new ips(0) service: DEFAULT_GROUP@@provider-demo@@DEFAULT -> []
2024-07-12 14:18:14.851 INFO  [main] com.alibaba.nacos.client.naming.processServiceInfo:166 : current ips:(0) service: DEFAULT_GROUP@@provider-demo@@DEFAULT -> []
2024-07-12 14:18:14.856 INFO  [main] org.apache.coyote.http11.Http11NioProtocol.log:173 : Starting ProtocolHandler ["http-nio-18080"]
2024-07-12 14:18:14.868 INFO  [main] org.springframework.boot.web.embedded.tomcat.TomcatWebServer.start:220 : Tomcat started on port(s): 18080 (http) with context path ''
2024-07-12 14:18:14.871 INFO  [main] com.alibaba.nacos.client.naming.registerService:111 : [REGISTER-SERVICE] public registering service provider-demo with instance Instance{instanceId='null', ip='10.35.2.175', port=18080, weight=1.0, healthy=true, enabled=true, ephemeral=true, clusterName='DEFAULT', serviceName='null', metadata={preserved.register.source=SPRING_CLOUD}}
2024-07-12 14:18:14.877 INFO  [main] com.alibaba.cloud.nacos.registry.NacosServiceRegistry.register:75 : nacos registry, DEFAULT_GROUP provider-demo 10.35.2.175:18080 register finished
2024-07-12 14:18:15.194 INFO  [main] org.example.NacosTestApplication.logStarted:61 : Started NacosTestApplication in 4.526 seconds (JVM running for 5.124)
2024-07-12 14:18:15.361 INFO  [nacos-grpc-client-executor-127.0.0.1-9] com.alibaba.nacos.common.remote.client.printIfInfoEnabled:60 : [b5599048-aa1f-431a-b7cd-de1c31b2a3e9] Receive server push request, request = NotifySubscriberRequest, requestId = 22
2024-07-12 14:18:15.364 INFO  [nacos-grpc-client-executor-127.0.0.1-9] com.alibaba.nacos.client.naming.isChangedServiceInfo:234 : new ips(1) service: DEFAULT_GROUP@@provider-demo@@DEFAULT -> [{"instanceId":"10.35.2.175#18080#DEFAULT#DEFAULT_GROUP@@provider-demo","ip":"10.35.2.175","port":18080,"weight":1.0,"healthy":true,"enabled":true,"ephemeral":true,"clusterName":"DEFAULT","serviceName":"DEFAULT_GROUP@@provider-demo","metadata":{"preserved.register.source":"SPRING_CLOUD"},"ipDeleteTimeout":30000,"instanceHeartBeatTimeOut":15000,"instanceHeartBeatInterval":5000}]
2024-07-12 14:18:15.365 INFO  [nacos-grpc-client-executor-127.0.0.1-9] com.alibaba.nacos.client.naming.processServiceInfo:166 : current ips:(1) service: DEFAULT_GROUP@@provider-demo@@DEFAULT -> [{"instanceId":"10.35.2.175#18080#DEFAULT#DEFAULT_GROUP@@provider-demo","ip":"10.35.2.175","port":18080,"weight":1.0,"healthy":true,"enabled":true,"ephemeral":true,"clusterName":"DEFAULT","serviceName":"DEFAULT_GROUP@@provider-demo","metadata":{"preserved.register.source":"SPRING_CLOUD"},"ipDeleteTimeout":30000,"instanceHeartBeatTimeOut":15000,"instanceHeartBeatInterval":5000}]
2024-07-12 14:18:15.366 INFO  [nacos-grpc-client-executor-127.0.0.1-9] com.alibaba.nacos.common.remote.client.printIfInfoEnabled:60 : [b5599048-aa1f-431a-b7cd-de1c31b2a3e9] Ack server push request, request = NotifySubscriberRequest, requestId = 22
2024-07-12 14:20:02.268 INFO  [main] org.example.NacosTestApplication.logStartupProfileInfo:648 : No active profile set, falling back to default profiles: default
2024-07-12 14:20:02.876 INFO  [main] org.springframework.cloud.context.scope.GenericScope.setSerializationId:295 : BeanFactory id=f8b3cc45-a536-364a-bf78-1eb6f3db2aa5
2024-07-12 14:20:02.946 INFO  [main] o.s.c.s.PostProcessorRegistrationDelegate$BeanPostProcessorChecker.postProcessAfterInitialization:335 : Bean 'spring.datasource.dynamic-com.baomidou.dynamic.datasource.spring.boot.autoconfigure.DynamicDataSourceProperties' of type [com.baomidou.dynamic.datasource.spring.boot.autoconfigure.DynamicDataSourceProperties] is not eligible for getting processed by all BeanPostProcessors (for example: not eligible for auto-proxying)
2024-07-12 14:20:02.948 INFO  [main] o.s.c.s.PostProcessorRegistrationDelegate$BeanPostProcessorChecker.postProcessAfterInitialization:335 : Bean 'com.baomidou.dynamic.datasource.spring.boot.autoconfigure.DynamicDataSourceAutoConfiguration' of type [com.baomidou.dynamic.datasource.spring.boot.autoconfigure.DynamicDataSourceAutoConfiguration$$EnhancerBySpringCGLIB$$c538d95b] is not eligible for getting processed by all BeanPostProcessors (for example: not eligible for auto-proxying)
2024-07-12 14:20:02.959 INFO  [main] o.s.c.s.PostProcessorRegistrationDelegate$BeanPostProcessorChecker.postProcessAfterInitialization:335 : Bean 'dsProcessor' of type [com.baomidou.dynamic.datasource.processor.DsHeaderProcessor] is not eligible for getting processed by all BeanPostProcessors (for example: not eligible for auto-proxying)
2024-07-12 14:20:03.108 INFO  [main] org.springframework.boot.web.embedded.tomcat.TomcatWebServer.initialize:108 : Tomcat initialized with port(s): 18081 (http)
2024-07-12 14:20:03.114 INFO  [main] org.apache.coyote.http11.Http11NioProtocol.log:173 : Initializing ProtocolHandler ["http-nio-18081"]
2024-07-12 14:20:03.114 INFO  [main] org.apache.catalina.core.StandardService.log:173 : Starting service [Tomcat]
2024-07-12 14:20:03.114 INFO  [main] org.apache.catalina.core.StandardEngine.log:173 : Starting Servlet engine: [Apache Tomcat/9.0.46]
2024-07-12 14:20:03.199 INFO  [main] o.a.catalina.core.ContainerBase.[Tomcat].[localhost].[/].log:173 : Initializing Spring embedded WebApplicationContext
2024-07-12 14:20:03.200 INFO  [main] o.s.b.web.servlet.context.ServletWebServerApplicationContext.prepareWebApplicationContext:285 : Root WebApplicationContext: initialization completed in 919 ms
2024-07-12 14:20:03.320 INFO  [main] com.alibaba.druid.pool.DruidDataSource.init:1002 : {dataSource-1,master} inited
2024-07-12 14:20:03.321 INFO  [main] com.alibaba.druid.pool.DruidDataSource.init:1002 : {dataSource-2,powerjob} inited
2024-07-12 14:20:03.322 INFO  [main] com.baomidou.dynamic.datasource.DynamicRoutingDataSource.addDataSource:154 : dynamic-datasource - add a datasource named [powerjob] success
2024-07-12 14:20:03.322 INFO  [main] com.baomidou.dynamic.datasource.DynamicRoutingDataSource.addDataSource:154 : dynamic-datasource - add a datasource named [master] success
2024-07-12 14:20:03.322 INFO  [main] com.baomidou.dynamic.datasource.DynamicRoutingDataSource.afterPropertiesSet:234 : dynamic-datasource initial loaded [2] datasource,primary datasource named [master]
2024-07-12 14:20:04.050 INFO  [main] com.netflix.config.sources.URLConfigurationSource.<init>:127 : To enable URLs as dynamic configuration sources, define System property archaius.configurationSource.additionalUrls or make config.properties available on classpath.
2024-07-12 14:20:04.053 INFO  [main] com.netflix.config.sources.URLConfigurationSource.<init>:127 : To enable URLs as dynamic configuration sources, define System property archaius.configurationSource.additionalUrls or make config.properties available on classpath.
2024-07-12 14:20:04.119 INFO  [main] o.s.scheduling.concurrent.ThreadPoolTaskExecutor.initialize:181 : Initializing ExecutorService 'applicationTaskExecutor'
2024-07-12 14:20:04.341 INFO  [main] o.s.scheduling.concurrent.ThreadPoolTaskScheduler.initialize:181 : Initializing ExecutorService 'Nacos-Watch-Task-Scheduler'
2024-07-12 14:20:04.608 INFO  [main] com.alibaba.nacos.client.naming.initNamespaceForNaming:62 : initializer namespace from System Property : null
2024-07-12 14:20:04.609 INFO  [main] com.alibaba.nacos.client.naming.lambda$initNamespaceForNaming$0:66 : initializer namespace from System Environment :null
2024-07-12 14:20:04.609 INFO  [main] com.alibaba.nacos.client.naming.lambda$initNamespaceForNaming$1:73 : initializer namespace from System Property :null
2024-07-12 14:20:04.625 INFO  [main] com.alibaba.nacos.client.utils.ParamUtil.<clinit>:87 : [settings] [req-serv] nacos-server port:8848
2024-07-12 14:20:04.625 INFO  [main] com.alibaba.nacos.client.utils.ParamUtil.<clinit>:98 : [settings] [http-client] connect timeout:1000
2024-07-12 14:20:04.625 INFO  [main] com.alibaba.nacos.client.utils.ParamUtil.<clinit>:105 : PER_TASK_CONFIG_SIZE: 3000.0
2024-07-12 14:20:04.628 INFO  [main] c.a.nacos.plugin.auth.spi.client.ClientAuthPluginManager.init:56 : [ClientAuthPluginManager] Load ClientAuthService com.alibaba.nacos.client.auth.impl.NacosClientAuthServiceImpl success.
2024-07-12 14:20:04.628 INFO  [main] c.a.nacos.plugin.auth.spi.client.ClientAuthPluginManager.init:56 : [ClientAuthPluginManager] Load ClientAuthService com.alibaba.nacos.client.auth.ram.RamClientAuthServiceImpl success.
2024-07-12 14:20:04.630 INFO  [main] com.alibaba.nacos.client.auth.ram.identify.CredentialWatcher.loadCredential:164 : null No credential found
2024-07-12 14:20:04.729 INFO  [main] com.alibaba.nacos.common.remote.client.lambda$createClient$0:95 : [RpcClientFactory] create a new rpc client of 3e538af2-65f1-4f23-be2b-1ee8b21d5a2b
2024-07-12 14:20:04.792 INFO  [main] com.alibaba.nacos.common.remote.client.printIfInfoEnabled:60 : [3e538af2-65f1-4f23-be2b-1ee8b21d5a2b] RpcClient init label, labels = {module=naming, source=sdk}
2024-07-12 14:20:04.793 INFO  [main] com.alibaba.nacos.common.remote.client.printIfInfoEnabled:60 : [3e538af2-65f1-4f23-be2b-1ee8b21d5a2b] RpcClient init, ServerListFactory = com.alibaba.nacos.client.naming.core.ServerListManager
2024-07-12 14:20:04.794 INFO  [main] com.alibaba.nacos.common.remote.client.printIfInfoEnabled:60 : [3e538af2-65f1-4f23-be2b-1ee8b21d5a2b] Registry connection listener to current client:com.alibaba.nacos.client.naming.remote.gprc.redo.NamingGrpcRedoService
2024-07-12 14:20:04.794 INFO  [main] com.alibaba.nacos.common.remote.client.printIfInfoEnabled:60 : [3e538af2-65f1-4f23-be2b-1ee8b21d5a2b] Register server push request handler:com.alibaba.nacos.client.naming.remote.gprc.NamingPushRequestHandler
2024-07-12 14:20:04.795 INFO  [main] com.alibaba.nacos.common.remote.client.printIfInfoEnabled:60 : [3e538af2-65f1-4f23-be2b-1ee8b21d5a2b] Try to connect to server on start up, server: {serverIp = '127.0.0.1', server main port = 8848}
2024-07-12 14:20:05.616 INFO  [main] com.alibaba.nacos.common.remote.client.printIfInfoEnabled:60 : [3e538af2-65f1-4f23-be2b-1ee8b21d5a2b] Success to connect to server [127.0.0.1:8848] on start up, connectionId = 1720765205451_127.0.0.1_65494
2024-07-12 14:20:05.616 INFO  [com.alibaba.nacos.client.remote.worker] com.alibaba.nacos.common.remote.client.printIfInfoEnabled:60 : [3e538af2-65f1-4f23-be2b-1ee8b21d5a2b] Notify connected event to listeners.
2024-07-12 14:20:05.616 INFO  [com.alibaba.nacos.client.remote.worker] com.alibaba.nacos.client.naming.onConnected:76 : Grpc connection connect
2024-07-12 14:20:05.616 INFO  [main] com.alibaba.nacos.common.remote.client.printIfInfoEnabled:60 : [3e538af2-65f1-4f23-be2b-1ee8b21d5a2b] Register server push request handler:com.alibaba.nacos.common.remote.client.RpcClient$ConnectResetRequestHandler
2024-07-12 14:20:05.616 INFO  [main] com.alibaba.nacos.common.remote.client.printIfInfoEnabled:60 : [3e538af2-65f1-4f23-be2b-1ee8b21d5a2b] Register server push request handler:com.alibaba.nacos.common.remote.client.RpcClient$$Lambda$647/792363366
2024-07-12 14:20:05.617 INFO  [main] com.alibaba.nacos.client.naming.subscribe:141 : [SUBSCRIBE-SERVICE] service:provider-demo, group:DEFAULT_GROUP, clusters:DEFAULT 
2024-07-12 14:20:05.632 INFO  [main] com.alibaba.nacos.client.naming.isChangedServiceInfo:181 : init new ips(1) service: DEFAULT_GROUP@@provider-demo@@DEFAULT -> [{"instanceId":"10.35.2.175#18080#DEFAULT#DEFAULT_GROUP@@provider-demo","ip":"10.35.2.175","port":18080,"weight":1.0,"healthy":true,"enabled":true,"ephemeral":true,"clusterName":"DEFAULT","serviceName":"DEFAULT_GROUP@@provider-demo","metadata":{"preserved.register.source":"SPRING_CLOUD"},"ipDeleteTimeout":30000,"instanceHeartBeatTimeOut":15000,"instanceHeartBeatInterval":5000}]
2024-07-12 14:20:05.638 INFO  [main] com.alibaba.nacos.client.naming.processServiceInfo:166 : current ips:(1) service: DEFAULT_GROUP@@provider-demo@@DEFAULT -> [{"instanceId":"10.35.2.175#18080#DEFAULT#DEFAULT_GROUP@@provider-demo","ip":"10.35.2.175","port":18080,"weight":1.0,"healthy":true,"enabled":true,"ephemeral":true,"clusterName":"DEFAULT","serviceName":"DEFAULT_GROUP@@provider-demo","metadata":{"preserved.register.source":"SPRING_CLOUD"},"ipDeleteTimeout":30000,"instanceHeartBeatTimeOut":15000,"instanceHeartBeatInterval":5000}]
2024-07-12 14:20:05.642 INFO  [main] org.apache.coyote.http11.Http11NioProtocol.log:173 : Starting ProtocolHandler ["http-nio-18081"]
2024-07-12 14:20:05.653 INFO  [main] org.springframework.boot.web.embedded.tomcat.TomcatWebServer.start:220 : Tomcat started on port(s): 18081 (http) with context path ''
2024-07-12 14:20:05.656 INFO  [main] com.alibaba.nacos.client.naming.registerService:111 : [REGISTER-SERVICE] public registering service provider-demo with instance Instance{instanceId='null', ip='10.35.2.175', port=18081, weight=1.0, healthy=true, enabled=true, ephemeral=true, clusterName='DEFAULT', serviceName='null', metadata={preserved.register.source=SPRING_CLOUD}}
2024-07-12 14:20:05.662 INFO  [main] com.alibaba.cloud.nacos.registry.NacosServiceRegistry.register:75 : nacos registry, DEFAULT_GROUP provider-demo 10.35.2.175:18081 register finished
2024-07-12 14:20:05.977 INFO  [main] org.example.NacosTestApplication.logStarted:61 : Started NacosTestApplication in 4.547 seconds (JVM running for 5.14)
2024-07-12 14:20:06.225 INFO  [nacos-grpc-client-executor-127.0.0.1-9] com.alibaba.nacos.common.remote.client.printIfInfoEnabled:60 : [3e538af2-65f1-4f23-be2b-1ee8b21d5a2b] Receive server push request, request = NotifySubscriberRequest, requestId = 24
2024-07-12 14:20:06.226 INFO  [nacos-grpc-client-executor-127.0.0.1-9] com.alibaba.nacos.client.naming.isChangedServiceInfo:234 : new ips(1) service: DEFAULT_GROUP@@provider-demo@@DEFAULT -> [{"instanceId":"10.35.2.175#18081#DEFAULT#DEFAULT_GROUP@@provider-demo","ip":"10.35.2.175","port":18081,"weight":1.0,"healthy":true,"enabled":true,"ephemeral":true,"clusterName":"DEFAULT","serviceName":"DEFAULT_GROUP@@provider-demo","metadata":{"preserved.register.source":"SPRING_CLOUD"},"ipDeleteTimeout":30000,"instanceHeartBeatTimeOut":15000,"instanceHeartBeatInterval":5000}]
2024-07-12 14:20:06.226 INFO  [nacos-grpc-client-executor-127.0.0.1-9] com.alibaba.nacos.client.naming.processServiceInfo:166 : current ips:(2) service: DEFAULT_GROUP@@provider-demo@@DEFAULT -> [{"instanceId":"10.35.2.175#18080#DEFAULT#DEFAULT_GROUP@@provider-demo","ip":"10.35.2.175","port":18080,"weight":1.0,"healthy":true,"enabled":true,"ephemeral":true,"clusterName":"DEFAULT","serviceName":"DEFAULT_GROUP@@provider-demo","metadata":{"preserved.register.source":"SPRING_CLOUD"},"ipDeleteTimeout":30000,"instanceHeartBeatTimeOut":15000,"instanceHeartBeatInterval":5000},{"instanceId":"10.35.2.175#18081#DEFAULT#DEFAULT_GROUP@@provider-demo","ip":"10.35.2.175","port":18081,"weight":1.0,"healthy":true,"enabled":true,"ephemeral":true,"clusterName":"DEFAULT","serviceName":"DEFAULT_GROUP@@provider-demo","metadata":{"preserved.register.source":"SPRING_CLOUD"},"ipDeleteTimeout":30000,"instanceHeartBeatTimeOut":15000,"instanceHeartBeatInterval":5000}]
2024-07-12 14:20:06.227 INFO  [nacos-grpc-client-executor-127.0.0.1-9] com.alibaba.nacos.common.remote.client.printIfInfoEnabled:60 : [3e538af2-65f1-4f23-be2b-1ee8b21d5a2b] Ack server push request, request = NotifySubscriberRequest, requestId = 24
2024-07-12 14:26:16.463 INFO  [http-nio-18081-exec-1] o.a.catalina.core.ContainerBase.[Tomcat].[localhost].[/].log:173 : Initializing Spring DispatcherServlet 'dispatcherServlet'
2024-07-12 14:26:16.463 INFO  [http-nio-18081-exec-1] org.springframework.web.servlet.DispatcherServlet.initServletBean:525 : Initializing Servlet 'dispatcherServlet'
2024-07-12 14:26:16.468 INFO  [http-nio-18081-exec-1] org.springframework.web.servlet.DispatcherServlet.initServletBean:547 : Completed initialization in 5 ms
2024-07-12 14:26:16.485 INFO  [http-nio-18081-exec-1] org.example.controller.EchoController.echo:15 : produce
2024-07-12 14:28:20.301 INFO  [http-nio-18081-exec-3] org.example.controller.EchoController.echo:15 : produce
2024-07-12 14:29:09.933 INFO  [http-nio-18081-exec-4] org.example.controller.EchoController.echo:15 : produce
